<?xml version="1.0" encoding="UTF-8"?>
<coverage generated="1769768893423" clover="3.2.0">
  <project timestamp="1769768893424" name="All files">
    <metrics statements="194" coveredstatements="148" conditionals="51" coveredconditionals="34" methods="25" coveredmethods="18" elements="270" coveredelements="200" complexity="0" loc="194" ncloc="194" packages="1" files="1" classes="1"/>
    <file name="index.ts" path="/app/src/index.ts">
      <metrics statements="194" coveredstatements="148" conditionals="51" coveredconditionals="34" methods="25" coveredmethods="18"/>
      <line num="1" count="1" type="stmt"/>
      <line num="2" count="1" type="stmt"/>
      <line num="3" count="1" type="stmt"/>
      <line num="4" count="1" type="stmt"/>
      <line num="5" count="1" type="stmt"/>
      <line num="6" count="1" type="stmt"/>
      <line num="9" count="1" type="stmt"/>
      <line num="10" count="1" type="stmt"/>
      <line num="11" count="1" type="stmt"/>
      <line num="13" count="1" type="stmt"/>
      <line num="17" count="1" type="cond" truecount="2" falsecount="0"/>
      <line num="18" count="1" type="stmt"/>
      <line num="22" count="1" type="stmt"/>
      <line num="27" count="1" type="stmt"/>
      <line num="28" count="1" type="stmt"/>
      <line num="29" count="1" type="stmt"/>
      <line num="30" count="1" type="stmt"/>
      <line num="31" count="1" type="stmt"/>
      <line num="32" count="1" type="stmt"/>
      <line num="33" count="1" type="stmt"/>
      <line num="34" count="1" type="stmt"/>
      <line num="37" count="1" type="stmt"/>
      <line num="40" count="1" type="stmt"/>
      <line num="44" count="1" type="stmt"/>
      <line num="54" count="0" type="stmt"/>
      <line num="70" count="0" type="stmt"/>
      <line num="79" count="0" type="stmt"/>
      <line num="84" count="0" type="stmt"/>
      <line num="96" count="0" type="stmt"/>
      <line num="105" count="0" type="stmt"/>
      <line num="114" count="0" type="stmt"/>
      <line num="125" count="0" type="stmt"/>
      <line num="132" count="0" type="stmt"/>
      <line num="135" count="1" type="stmt"/>
      <line num="138" count="1" type="stmt"/>
      <line num="139" count="3" type="stmt"/>
      <line num="140" count="3" type="stmt"/>
      <line num="141" count="3" type="cond" truecount="1" falsecount="2"/>
      <line num="142" count="0" type="stmt"/>
      <line num="144" count="3" type="cond" truecount="2" falsecount="0"/>
      <line num="145" count="3" type="cond" truecount="3" falsecount="1"/>
      <line num="146" count="3" type="cond" truecount="1" falsecount="1"/>
      <line num="147" count="3" type="stmt"/>
      <line num="148" count="1" type="stmt"/>
      <line num="149" count="1" type="stmt"/>
      <line num="151" count="1" type="stmt"/>
      <line num="162" count="2" type="stmt"/>
      <line num="163" count="2" type="stmt"/>
      <line num="164" count="1" type="stmt"/>
      <line num="165" count="1" type="stmt"/>
      <line num="166" count="1" type="stmt"/>
      <line num="167" count="1" type="stmt"/>
      <line num="169" count="1" type="stmt"/>
      <line num="176" count="1" type="stmt"/>
      <line num="181" count="1" type="stmt"/>
      <line num="182" count="1" type="cond" truecount="1" falsecount="0"/>
      <line num="183" count="1" type="stmt"/>
      <line num="184" count="1" type="stmt"/>
      <line num="185" count="1" type="stmt"/>
      <line num="186" count="1" type="stmt"/>
      <line num="192" count="1" type="stmt"/>
      <line num="193" count="1" type="stmt"/>
      <line num="194" count="1" type="stmt"/>
      <line num="195" count="1" type="stmt"/>
      <line num="197" count="1" type="stmt"/>
      <line num="199" count="2" type="cond" truecount="1" falsecount="0"/>
      <line num="200" count="2" type="stmt"/>
      <line num="202" count="0" type="stmt"/>
      <line num="203" count="0" type="stmt"/>
      <line num="208" count="1" type="stmt"/>
      <line num="209" count="2" type="stmt"/>
      <line num="210" count="2" type="stmt"/>
      <line num="211" count="2" type="cond" truecount="2" falsecount="0"/>
      <line num="212" count="2" type="stmt"/>
      <line num="219" count="2" type="cond" truecount="1" falsecount="0"/>
      <line num="220" count="1" type="stmt"/>
      <line num="223" count="1" type="stmt"/>
      <line num="225" count="0" type="stmt"/>
      <line num="226" count="0" type="stmt"/>
      <line num="231" count="1" type="stmt"/>
      <line num="232" count="1" type="stmt"/>
      <line num="233" count="1" type="cond" truecount="1" falsecount="1"/>
      <line num="234" count="1" type="cond" truecount="2" falsecount="0"/>
      <line num="235" count="1" type="stmt"/>
      <line num="236" count="1" type="cond" truecount="1" falsecount="1"/>
      <line num="240" count="1" type="stmt"/>
      <line num="252" count="1" type="stmt"/>
      <line num="259" count="1" type="cond" truecount="1" falsecount="1"/>
      <line num="263" count="1" type="stmt"/>
      <line num="265" count="0" type="stmt"/>
      <line num="266" count="0" type="stmt"/>
      <line num="271" count="1" type="stmt"/>
      <line num="277" count="1" type="stmt"/>
      <line num="278" count="2" type="stmt"/>
      <line num="279" count="2" type="stmt"/>
      <line num="280" count="2" type="stmt"/>
      <line num="281" count="1" type="stmt"/>
      <line num="282" count="1" type="cond" truecount="2" falsecount="0"/>
      <line num="283" count="1" type="stmt"/>
      <line num="284" count="1" type="stmt"/>
      <line num="289" count="1" type="stmt"/>
      <line num="291" count="1" type="stmt"/>
      <line num="296" count="1" type="stmt"/>
      <line num="301" count="1" type="cond" truecount="0" falsecount="1"/>
      <line num="302" count="0" type="stmt"/>
      <line num="303" count="0" type="stmt"/>
      <line num="304" count="0" type="stmt"/>
      <line num="305" count="0" type="cond" truecount="0" falsecount="1"/>
      <line num="306" count="0" type="stmt"/>
      <line num="307" count="0" type="stmt"/>
      <line num="308" count="0" type="stmt"/>
      <line num="315" count="0" type="stmt"/>
      <line num="316" count="0" type="stmt"/>
      <line num="317" count="0" type="stmt"/>
      <line num="318" count="0" type="stmt"/>
      <line num="320" count="0" type="stmt"/>
      <line num="322" count="2" type="cond" truecount="1" falsecount="0"/>
      <line num="323" count="1" type="stmt"/>
      <line num="325" count="1" type="stmt"/>
      <line num="326" count="1" type="stmt"/>
      <line num="331" count="1" type="stmt"/>
      <line num="332" count="1" type="stmt"/>
      <line num="333" count="1" type="stmt"/>
      <line num="337" count="1" type="stmt"/>
      <line num="338" count="1" type="stmt"/>
      <line num="339" count="2" type="cond" truecount="1" falsecount="1"/>
      <line num="340" count="2" type="stmt"/>
      <line num="342" count="3" type="stmt"/>
      <line num="343" count="1" type="stmt"/>
      <line num="344" count="3" type="cond" truecount="1" falsecount="0"/>
      <line num="345" count="1" type="stmt"/>
      <line num="348" count="3" type="stmt"/>
      <line num="353" count="2" type="stmt"/>
      <line num="354" count="1" type="stmt"/>
      <line num="356" count="0" type="stmt"/>
      <line num="357" count="0" type="stmt"/>
      <line num="361" count="1" type="stmt"/>
      <line num="364" count="1" type="stmt"/>
      <line num="365" count="2" type="cond" truecount="1" falsecount="1"/>
      <line num="366" count="2" type="cond" truecount="1" falsecount="1"/>
      <line num="367" count="2" type="stmt"/>
      <line num="368" count="2" type="cond" truecount="1" falsecount="0"/>
      <line num="369" count="1" type="stmt"/>
      <line num="371" count="1" type="cond" truecount="0" falsecount="1"/>
      <line num="372" count="0" type="stmt"/>
      <line num="374" count="1" type="stmt"/>
      <line num="375" count="1" type="stmt"/>
      <line num="376" count="1" type="stmt"/>
      <line num="381" count="1" type="stmt"/>
      <line num="382" count="1" type="stmt"/>
      <line num="383" count="1" type="stmt"/>
      <line num="384" count="1" type="stmt"/>
      <line num="386" count="0" type="stmt"/>
      <line num="387" count="0" type="stmt"/>
      <line num="392" count="1" type="stmt"/>
      <line num="393" count="2" type="stmt"/>
      <line num="394" count="2" type="cond" truecount="1" falsecount="1"/>
      <line num="395" count="2" type="stmt"/>
      <line num="399" count="2" type="cond" truecount="1" falsecount="0"/>
      <line num="400" count="1" type="stmt"/>
      <line num="402" count="1" type="stmt"/>
      <line num="403" count="1" type="stmt"/>
      <line num="405" count="0" type="stmt"/>
      <line num="406" count="0" type="stmt"/>
      <line num="411" count="2" type="stmt"/>
      <line num="412" count="2" type="cond" truecount="1" falsecount="1"/>
      <line num="413" count="2" type="stmt"/>
      <line num="414" count="1" type="stmt"/>
      <line num="415" count="1" type="stmt"/>
      <line num="416" count="1" type="stmt"/>
      <line num="421" count="1" type="stmt"/>
      <line num="422" count="1" type="stmt"/>
      <line num="423" count="1" type="stmt"/>
      <line num="424" count="1" type="stmt"/>
      <line num="426" count="1" type="cond" truecount="1" falsecount="0"/>
      <line num="427" count="1" type="stmt"/>
      <line num="428" count="1" type="stmt"/>
      <line num="430" count="0" type="stmt"/>
      <line num="431" count="0" type="stmt"/>
      <line num="436" count="1" type="stmt"/>
      <line num="437" count="1" type="stmt"/>
      <line num="439" count="1" type="stmt"/>
      <line num="440" count="0" type="stmt"/>
      <line num="443" count="1" type="cond" truecount="2" falsecount="0"/>
      <line num="446" count="0" type="stmt"/>
      <line num="447" count="0" type="stmt"/>
      <line num="448" count="0" type="stmt"/>
      <line num="449" count="0" type="stmt"/>
      <line num="450" count="0" type="stmt"/>
      <line num="453" count="0" type="stmt"/>
      <line num="454" count="0" type="stmt"/>
      <line num="458" count="1" type="cond" truecount="0" falsecount="1"/>
      <line num="459" count="0" type="stmt"/>
      <line num="462" count="1" type="stmt"/>
    </file>
  </project>
</coverage>
