{"/app/src/index.ts": {"path":"/app/src/index.ts","statementMap":{"0":{"start":{"line":1,"column":0},"end":{"line":1,"column":30}},"1":{"start":{"line":2,"column":0},"end":{"line":2,"column":84}},"2":{"start":{"line":3,"column":0},"end":{"line":3,"column":26}},"3":{"start":{"line":4,"column":0},"end":{"line":4,"column":37}},"4":{"start":{"line":5,"column":0},"end":{"line":5,"column":36}},"5":{"start":{"line":6,"column":0},"end":{"line":6,"column":24}},"6":{"start":{"line":9,"column":12},"end":{"line":9,"column":21}},"7":{"start":{"line":462,"column":9},"end":{"line":462,"column":12}},"8":{"start":{"line":10,"column":0},"end":{"line":10,"column":41}},"9":{"start":{"line":11,"column":0},"end":{"line":11,"column":69}},"10":{"start":{"line":13,"column":13},"end":{"line":15,"column":2}},"11":{"start":{"line":17,"column":18},"end":{"line":17,"column":58}},"12":{"start":{"line":18,"column":23},"end":{"line":18,"column":30}},"13":{"start":{"line":22,"column":2},"end":{"line":22,"column":73}},"14":{"start":{"line":27,"column":19},"end":{"line":27,"column":47}},"15":{"start":{"line":28,"column":19},"end":{"line":28,"column":47}},"16":{"start":{"line":29,"column":19},"end":{"line":29,"column":47}},"17":{"start":{"line":30,"column":19},"end":{"line":30,"column":47}},"18":{"start":{"line":31,"column":24},"end":{"line":31,"column":26}},"19":{"start":{"line":32,"column":2},"end":{"line":36,"column":3}},"20":{"start":{"line":32,"column":16},"end":{"line":32,"column":24}},"21":{"start":{"line":33,"column":4},"end":{"line":35,"column":5}},"22":{"start":{"line":33,"column":18},"end":{"line":33,"column":26}},"23":{"start":{"line":34,"column":6},"end":{"line":34,"column":37}},"24":{"start":{"line":37,"column":2},"end":{"line":37,"column":13}},"25":{"start":{"line":40,"column":20},"end":{"line":42,"column":2}},"26":{"start":{"line":44,"column":21},"end":{"line":51,"column":2}},"27":{"start":{"line":54,"column":2},"end":{"line":68,"column":5}},"28":{"start":{"line":70,"column":2},"end":{"line":77,"column":5}},"29":{"start":{"line":79,"column":2},"end":{"line":81,"column":5}},"30":{"start":{"line":84,"column":2},"end":{"line":94,"column":5}},"31":{"start":{"line":96,"column":2},"end":{"line":103,"column":5}},"32":{"start":{"line":105,"column":2},"end":{"line":111,"column":5}},"33":{"start":{"line":114,"column":2},"end":{"line":124,"column":5}},"34":{"start":{"line":125,"column":2},"end":{"line":128,"column":5}},"35":{"start":{"line":132,"column":2},"end":{"line":132,"column":30}},"36":{"start":{"line":135,"column":21},"end":{"line":135,"column":24}},"37":{"start":{"line":138,"column":0},"end":{"line":205,"column":3}},"38":{"start":{"line":139,"column":2},"end":{"line":204,"column":3}},"39":{"start":{"line":140,"column":27},"end":{"line":140,"column":35}},"40":{"start":{"line":141,"column":4},"end":{"line":143,"column":5}},"41":{"start":{"line":142,"column":6},"end":{"line":142,"column":67}},"42":{"start":{"line":144,"column":20},"end":{"line":144,"column":74}},"43":{"start":{"line":145,"column":20},"end":{"line":145,"column":82}},"44":{"start":{"line":146,"column":4},"end":{"line":146,"column":241}},"45":{"start":{"line":147,"column":17},"end":{"line":147,"column":44}},"46":{"start":{"line":148,"column":21},"end":{"line":148,"column":29}},"47":{"start":{"line":149,"column":22},"end":{"line":149,"column":32}},"48":{"start":{"line":151,"column":27},"end":{"line":159,"column":6}},"49":{"start":{"line":162,"column":15},"end":{"line":162,"column":42}},"50":{"start":{"line":162,"column":40},"end":{"line":162,"column":41}},"51":{"start":{"line":163,"column":15},"end":{"line":163,"column":44}},"52":{"start":{"line":163,"column":42},"end":{"line":163,"column":43}},"53":{"start":{"line":164,"column":17},"end":{"line":164,"column":32}},"54":{"start":{"line":165,"column":17},"end":{"line":165,"column":32}},"55":{"start":{"line":166,"column":17},"end":{"line":166,"column":32}},"56":{"start":{"line":167,"column":17},"end":{"line":167,"column":32}},"57":{"start":{"line":169,"column":31},"end":{"line":174,"column":6}},"58":{"start":{"line":176,"column":4},"end":{"line":179,"column":6}},"59":{"start":{"line":181,"column":20},"end":{"line":181,"column":61}},"60":{"start":{"line":182,"column":4},"end":{"line":190,"column":5}},"61":{"start":{"line":183,"column":22},"end":{"line":183,"column":44}},"62":{"start":{"line":184,"column":21},"end":{"line":184,"column":147}},"63":{"start":{"line":184,"column":43},"end":{"line":184,"column":135}},"64":{"start":{"line":185,"column":21},"end":{"line":185,"column":120}},"65":{"start":{"line":185,"column":49},"end":{"line":185,"column":119}},"66":{"start":{"line":186,"column":6},"end":{"line":189,"column":8}},"67":{"start":{"line":192,"column":25},"end":{"line":192,"column":45}},"68":{"start":{"line":193,"column":23},"end":{"line":193,"column":63}},"69":{"start":{"line":194,"column":4},"end":{"line":194,"column":59}},"70":{"start":{"line":195,"column":4},"end":{"line":195,"column":169}},"71":{"start":{"line":197,"column":4},"end":{"line":197,"column":47}},"72":{"start":{"line":199,"column":4},"end":{"line":201,"column":5}},"73":{"start":{"line":200,"column":6},"end":{"line":200,"column":91}},"74":{"start":{"line":202,"column":4},"end":{"line":202,"column":51}},"75":{"start":{"line":203,"column":4},"end":{"line":203,"column":61}},"76":{"start":{"line":208,"column":0},"end":{"line":228,"column":3}},"77":{"start":{"line":209,"column":2},"end":{"line":227,"column":3}},"78":{"start":{"line":210,"column":19},"end":{"line":210,"column":29}},"79":{"start":{"line":211,"column":20},"end":{"line":211,"column":63}},"80":{"start":{"line":212,"column":19},"end":{"line":216,"column":null}},"81":{"start":{"line":219,"column":4},"end":{"line":221,"column":5}},"82":{"start":{"line":220,"column":6},"end":{"line":220,"column":65}},"83":{"start":{"line":223,"column":4},"end":{"line":223,"column":41}},"84":{"start":{"line":225,"column":4},"end":{"line":225,"column":51}},"85":{"start":{"line":226,"column":4},"end":{"line":226,"column":61}},"86":{"start":{"line":231,"column":0},"end":{"line":268,"column":3}},"87":{"start":{"line":232,"column":2},"end":{"line":267,"column":3}},"88":{"start":{"line":233,"column":20},"end":{"line":233,"column":63}},"89":{"start":{"line":234,"column":18},"end":{"line":234,"column":58}},"90":{"start":{"line":235,"column":23},"end":{"line":235,"column":58}},"91":{"start":{"line":236,"column":18},"end":{"line":238,"column":48}},"92":{"start":{"line":240,"column":30},"end":{"line":250,"column":6}},"93":{"start":{"line":252,"column":34},"end":{"line":257,"column":7}},"94":{"start":{"line":252,"column":60},"end":{"line":257,"column":6}},"95":{"start":{"line":259,"column":21},"end":{"line":261,"column":24}},"96":{"start":{"line":263,"column":4},"end":{"line":263,"column":43}},"97":{"start":{"line":265,"column":4},"end":{"line":265,"column":51}},"98":{"start":{"line":266,"column":4},"end":{"line":266,"column":61}},"99":{"start":{"line":271,"column":24},"end":{"line":274,"column":2}},"100":{"start":{"line":277,"column":0},"end":{"line":328,"column":3}},"101":{"start":{"line":278,"column":2},"end":{"line":327,"column":3}},"102":{"start":{"line":279,"column":21},"end":{"line":279,"column":34}},"103":{"start":{"line":280,"column":19},"end":{"line":280,"column":50}},"104":{"start":{"line":281,"column":17},"end":{"line":281,"column":66}},"105":{"start":{"line":282,"column":19},"end":{"line":282,"column":48}},"106":{"start":{"line":283,"column":22},"end":{"line":283,"column":32}},"107":{"start":{"line":284,"column":31},"end":{"line":288,"column":6}},"108":{"start":{"line":289,"column":23},"end":{"line":289,"column":86}},"109":{"start":{"line":291,"column":4},"end":{"line":294,"column":6}},"110":{"start":{"line":296,"column":20},"end":{"line":299,"column":null}},"111":{"start":{"line":301,"column":4},"end":{"line":313,"column":5}},"112":{"start":{"line":302,"column":45},"end":{"line":302,"column":60}},"113":{"start":{"line":303,"column":22},"end":{"line":303,"column":67}},"114":{"start":{"line":304,"column":22},"end":{"line":304,"column":85}},"115":{"start":{"line":305,"column":6},"end":{"line":312,"column":7}},"116":{"start":{"line":306,"column":23},"end":{"line":306,"column":149}},"117":{"start":{"line":306,"column":45},"end":{"line":306,"column":137}},"118":{"start":{"line":307,"column":23},"end":{"line":307,"column":115}},"119":{"start":{"line":307,"column":51},"end":{"line":307,"column":114}},"120":{"start":{"line":308,"column":8},"end":{"line":311,"column":10}},"121":{"start":{"line":315,"column":25},"end":{"line":315,"column":90}},"122":{"start":{"line":316,"column":23},"end":{"line":316,"column":63}},"123":{"start":{"line":317,"column":4},"end":{"line":317,"column":59}},"124":{"start":{"line":318,"column":4},"end":{"line":318,"column":122}},"125":{"start":{"line":320,"column":4},"end":{"line":320,"column":84}},"126":{"start":{"line":322,"column":4},"end":{"line":324,"column":5}},"127":{"start":{"line":323,"column":6},"end":{"line":323,"column":90}},"128":{"start":{"line":325,"column":4},"end":{"line":325,"column":48}},"129":{"start":{"line":326,"column":4},"end":{"line":326,"column":61}},"130":{"start":{"line":331,"column":0},"end":{"line":359,"column":3}},"131":{"start":{"line":332,"column":2},"end":{"line":358,"column":3}},"132":{"start":{"line":333,"column":38},"end":{"line":336,"column":6}},"133":{"start":{"line":337,"column":17},"end":{"line":337,"column":71}},"134":{"start":{"line":338,"column":4},"end":{"line":341,"column":5}},"135":{"start":{"line":339,"column":24},"end":{"line":339,"column":51}},"136":{"start":{"line":340,"column":6},"end":{"line":340,"column":59}},"137":{"start":{"line":342,"column":20},"end":{"line":342,"column":95}},"138":{"start":{"line":342,"column":84},"end":{"line":342,"column":93}},"139":{"start":{"line":343,"column":4},"end":{"line":347,"column":5}},"140":{"start":{"line":344,"column":6},"end":{"line":346,"column":7}},"141":{"start":{"line":345,"column":8},"end":{"line":345,"column":59}},"142":{"start":{"line":348,"column":18},"end":{"line":352,"column":7}},"143":{"start":{"line":348,"column":70},"end":{"line":352,"column":6}},"144":{"start":{"line":353,"column":4},"end":{"line":353,"column":52}},"145":{"start":{"line":353,"column":25},"end":{"line":353,"column":50}},"146":{"start":{"line":354,"column":4},"end":{"line":354,"column":24}},"147":{"start":{"line":356,"column":4},"end":{"line":356,"column":49}},"148":{"start":{"line":357,"column":4},"end":{"line":357,"column":61}},"149":{"start":{"line":361,"column":23},"end":{"line":361,"column":69}},"150":{"start":{"line":364,"column":0},"end":{"line":389,"column":3}},"151":{"start":{"line":365,"column":17},"end":{"line":365,"column":50}},"152":{"start":{"line":366,"column":15},"end":{"line":366,"column":46}},"153":{"start":{"line":367,"column":15},"end":{"line":367,"column":25}},"154":{"start":{"line":368,"column":2},"end":{"line":370,"column":3}},"155":{"start":{"line":369,"column":4},"end":{"line":369,"column":75}},"156":{"start":{"line":371,"column":2},"end":{"line":373,"column":3}},"157":{"start":{"line":372,"column":4},"end":{"line":372,"column":60}},"158":{"start":{"line":374,"column":2},"end":{"line":388,"column":3}},"159":{"start":{"line":375,"column":22},"end":{"line":375,"column":32}},"160":{"start":{"line":376,"column":4},"end":{"line":380,"column":6}},"161":{"start":{"line":381,"column":22},"end":{"line":381,"column":87}},"162":{"start":{"line":382,"column":4},"end":{"line":382,"column":56}},"163":{"start":{"line":383,"column":4},"end":{"line":383,"column":75}},"164":{"start":{"line":384,"column":4},"end":{"line":384,"column":42}},"165":{"start":{"line":386,"column":4},"end":{"line":386,"column":54}},"166":{"start":{"line":387,"column":4},"end":{"line":387,"column":61}},"167":{"start":{"line":392,"column":0},"end":{"line":408,"column":3}},"168":{"start":{"line":393,"column":2},"end":{"line":407,"column":3}},"169":{"start":{"line":394,"column":19},"end":{"line":394,"column":52}},"170":{"start":{"line":395,"column":19},"end":{"line":397,"column":null}},"171":{"start":{"line":399,"column":4},"end":{"line":401,"column":5}},"172":{"start":{"line":400,"column":6},"end":{"line":400,"column":72}},"173":{"start":{"line":402,"column":16},"end":{"line":402,"column":30}},"174":{"start":{"line":403,"column":4},"end":{"line":403,"column":91}},"175":{"start":{"line":405,"column":4},"end":{"line":405,"column":49}},"176":{"start":{"line":406,"column":4},"end":{"line":406,"column":61}},"177":{"start":{"line":411,"column":2},"end":{"line":432,"column":3}},"178":{"start":{"line":412,"column":19},"end":{"line":412,"column":52}},"179":{"start":{"line":413,"column":17},"end":{"line":413,"column":47}},"180":{"start":{"line":414,"column":17},"end":{"line":414,"column":33}},"181":{"start":{"line":415,"column":22},"end":{"line":415,"column":32}},"182":{"start":{"line":416,"column":4},"end":{"line":420,"column":6}},"183":{"start":{"line":421,"column":22},"end":{"line":421,"column":87}},"184":{"start":{"line":422,"column":4},"end":{"line":422,"column":56}},"185":{"start":{"line":423,"column":4},"end":{"line":423,"column":69}},"186":{"start":{"line":424,"column":4},"end":{"line":424,"column":42}},"187":{"start":{"line":426,"column":4},"end":{"line":429,"column":5}},"188":{"start":{"line":427,"column":6},"end":{"line":427,"column":77}},"189":{"start":{"line":428,"column":6},"end":{"line":428,"column":13}},"190":{"start":{"line":430,"column":4},"end":{"line":430,"column":54}},"191":{"start":{"line":431,"column":4},"end":{"line":431,"column":61}},"192":{"start":{"line":436,"column":0},"end":{"line":436,"column":45}},"193":{"start":{"line":437,"column":0},"end":{"line":437,"column":46}},"194":{"start":{"line":439,"column":0},"end":{"line":441,"column":3}},"195":{"start":{"line":440,"column":2},"end":{"line":440,"column":29}},"196":{"start":{"line":443,"column":13},"end":{"line":443,"column":37}},"197":{"start":{"line":446,"column":2},"end":{"line":455,"column":3}},"198":{"start":{"line":447,"column":4},"end":{"line":447,"column":19}},"199":{"start":{"line":448,"column":4},"end":{"line":448,"column":22}},"200":{"start":{"line":449,"column":4},"end":{"line":451,"column":7}},"201":{"start":{"line":450,"column":6},"end":{"line":450,"column":65}},"202":{"start":{"line":453,"column":4},"end":{"line":453,"column":53}},"203":{"start":{"line":454,"column":4},"end":{"line":454,"column":20}},"204":{"start":{"line":458,"column":0},"end":{"line":460,"column":1}},"205":{"start":{"line":459,"column":2},"end":{"line":459,"column":10}}},"fnMap":{"0":{"name":"encodeTileId","decl":{"start":{"line":21,"column":9},"end":{"line":21,"column":21}},"loc":{"start":{"line":21,"column":50},"end":{"line":23,"column":1}}},"1":{"name":"getTileIdsForBbox","decl":{"start":{"line":26,"column":9},"end":{"line":26,"column":26}},"loc":{"start":{"line":26,"column":81},"end":{"line":38,"column":1}}},"2":{"name":"initDb","decl":{"start":{"line":53,"column":15},"end":{"line":53,"column":21}},"loc":{"start":{"line":53,"column":21},"end":{"line":129,"column":1}}},"3":{"name":"initRedis","decl":{"start":{"line":131,"column":15},"end":{"line":131,"column":24}},"loc":{"start":{"line":131,"column":24},"end":{"line":133,"column":1}}},"4":{"name":"(anonymous_5)","decl":{"start":{"line":138,"column":21},"end":{"line":138,"column":26}},"loc":{"start":{"line":138,"column":40},"end":{"line":205,"column":1}}},"5":{"name":"(anonymous_6)","decl":{"start":{"line":162,"column":31},"end":{"line":162,"column":32}},"loc":{"start":{"line":162,"column":40},"end":{"line":162,"column":41}}},"6":{"name":"(anonymous_7)","decl":{"start":{"line":163,"column":31},"end":{"line":163,"column":32}},"loc":{"start":{"line":163,"column":42},"end":{"line":163,"column":43}}},"7":{"name":"(anonymous_8)","decl":{"start":{"line":184,"column":33},"end":{"line":184,"column":34}},"loc":{"start":{"line":184,"column":43},"end":{"line":184,"column":135}}},"8":{"name":"(anonymous_9)","decl":{"start":{"line":185,"column":37},"end":{"line":185,"column":38}},"loc":{"start":{"line":185,"column":49},"end":{"line":185,"column":119}}},"9":{"name":"(anonymous_10)","decl":{"start":{"line":208,"column":24},"end":{"line":208,"column":29}},"loc":{"start":{"line":208,"column":43},"end":{"line":228,"column":1}}},"10":{"name":"(anonymous_11)","decl":{"start":{"line":231,"column":19},"end":{"line":231,"column":24}},"loc":{"start":{"line":231,"column":38},"end":{"line":268,"column":1}}},"11":{"name":"(anonymous_12)","decl":{"start":{"line":252,"column":50},"end":{"line":252,"column":51}},"loc":{"start":{"line":252,"column":60},"end":{"line":257,"column":6}}},"12":{"name":"(anonymous_13)","decl":{"start":{"line":277,"column":31},"end":{"line":277,"column":36}},"loc":{"start":{"line":277,"column":50},"end":{"line":328,"column":1}}},"13":{"name":"(anonymous_14)","decl":{"start":{"line":306,"column":35},"end":{"line":306,"column":36}},"loc":{"start":{"line":306,"column":45},"end":{"line":306,"column":137}}},"14":{"name":"(anonymous_15)","decl":{"start":{"line":307,"column":39},"end":{"line":307,"column":40}},"loc":{"start":{"line":307,"column":51},"end":{"line":307,"column":114}}},"15":{"name":"(anonymous_16)","decl":{"start":{"line":331,"column":18},"end":{"line":331,"column":23}},"loc":{"start":{"line":331,"column":37},"end":{"line":359,"column":1}}},"16":{"name":"(anonymous_17)","decl":{"start":{"line":342,"column":56},"end":{"line":342,"column":57}},"loc":{"start":{"line":342,"column":84},"end":{"line":342,"column":93}}},"17":{"name":"(anonymous_18)","decl":{"start":{"line":348,"column":49},"end":{"line":348,"column":50}},"loc":{"start":{"line":348,"column":70},"end":{"line":352,"column":6}}},"18":{"name":"(anonymous_19)","decl":{"start":{"line":353,"column":15},"end":{"line":353,"column":16}},"loc":{"start":{"line":353,"column":25},"end":{"line":353,"column":50}}},"19":{"name":"(anonymous_20)","decl":{"start":{"line":364,"column":33},"end":{"line":364,"column":38}},"loc":{"start":{"line":364,"column":52},"end":{"line":389,"column":1}}},"20":{"name":"(anonymous_21)","decl":{"start":{"line":392,"column":26},"end":{"line":392,"column":31}},"loc":{"start":{"line":392,"column":45},"end":{"line":408,"column":1}}},"21":{"name":"handleSetRoomName","decl":{"start":{"line":410,"column":15},"end":{"line":410,"column":32}},"loc":{"start":{"line":410,"column":76},"end":{"line":433,"column":1}}},"22":{"name":"(anonymous_23)","decl":{"start":{"line":439,"column":19},"end":{"line":439,"column":20}},"loc":{"start":{"line":439,"column":33},"end":{"line":441,"column":1}}},"23":{"name":"start","decl":{"start":{"line":445,"column":15},"end":{"line":445,"column":20}},"loc":{"start":{"line":445,"column":20},"end":{"line":456,"column":1}}},"24":{"name":"(anonymous_25)","decl":{"start":{"line":449,"column":21},"end":{"line":449,"column":24}},"loc":{"start":{"line":449,"column":26},"end":{"line":451,"column":5}}}},"branchMap":{"0":{"loc":{"start":{"line":17,"column":27},"end":{"line":17,"column":57}},"type":"binary-expr","locations":[{"start":{"line":17,"column":27},"end":{"line":17,"column":48}},{"start":{"line":17,"column":52},"end":{"line":17,"column":57}}]},"1":{"loc":{"start":{"line":141,"column":4},"end":{"line":143,"column":5}},"type":"if","locations":[{"start":{"line":141,"column":4},"end":{"line":143,"column":5}}]},"2":{"loc":{"start":{"line":141,"column":8},"end":{"line":141,"column":66}},"type":"binary-expr","locations":[{"start":{"line":141,"column":8},"end":{"line":141,"column":37}},{"start":{"line":141,"column":41},"end":{"line":141,"column":66}}]},"3":{"loc":{"start":{"line":144,"column":20},"end":{"line":144,"column":74}},"type":"binary-expr","locations":[{"start":{"line":144,"column":20},"end":{"line":144,"column":58}},{"start":{"line":144,"column":62},"end":{"line":144,"column":74}}]},"4":{"loc":{"start":{"line":145,"column":20},"end":{"line":145,"column":82}},"type":"cond-expr","locations":[{"start":{"line":145,"column":70},"end":{"line":145,"column":77}},{"start":{"line":145,"column":80},"end":{"line":145,"column":82}}]},"5":{"loc":{"start":{"line":145,"column":20},"end":{"line":145,"column":67}},"type":"binary-expr","locations":[{"start":{"line":145,"column":20},"end":{"line":145,"column":47}},{"start":{"line":145,"column":51},"end":{"line":145,"column":67}}]},"6":{"loc":{"start":{"line":146,"column":125},"end":{"line":146,"column":237}},"type":"cond-expr","locations":[{"start":{"line":146,"column":186},"end":{"line":146,"column":233}},{"start":{"line":146,"column":236},"end":{"line":146,"column":237}}]},"7":{"loc":{"start":{"line":182,"column":4},"end":{"line":190,"column":5}},"type":"if","locations":[{"start":{"line":182,"column":4},"end":{"line":190,"column":5}}]},"8":{"loc":{"start":{"line":199,"column":4},"end":{"line":201,"column":5}},"type":"if","locations":[{"start":{"line":199,"column":4},"end":{"line":201,"column":5}}]},"9":{"loc":{"start":{"line":211,"column":20},"end":{"line":211,"column":63}},"type":"binary-expr","locations":[{"start":{"line":211,"column":20},"end":{"line":211,"column":47}},{"start":{"line":211,"column":51},"end":{"line":211,"column":63}}]},"10":{"loc":{"start":{"line":219,"column":4},"end":{"line":221,"column":5}},"type":"if","locations":[{"start":{"line":219,"column":4},"end":{"line":221,"column":5}}]},"11":{"loc":{"start":{"line":233,"column":20},"end":{"line":233,"column":63}},"type":"binary-expr","locations":[{"start":{"line":233,"column":20},"end":{"line":233,"column":47}},{"start":{"line":233,"column":51},"end":{"line":233,"column":63}}]},"12":{"loc":{"start":{"line":234,"column":18},"end":{"line":234,"column":58}},"type":"binary-expr","locations":[{"start":{"line":234,"column":18},"end":{"line":234,"column":53}},{"start":{"line":234,"column":57},"end":{"line":234,"column":58}}]},"13":{"loc":{"start":{"line":236,"column":18},"end":{"line":238,"column":48}},"type":"cond-expr","locations":[{"start":{"line":237,"column":9},"end":{"line":237,"column":34}},{"start":{"line":238,"column":8},"end":{"line":238,"column":48}}]},"14":{"loc":{"start":{"line":237,"column":9},"end":{"line":237,"column":34}},"type":"cond-expr","locations":[{"start":{"line":237,"column":23},"end":{"line":237,"column":28}},{"start":{"line":237,"column":31},"end":{"line":237,"column":34}}]},"15":{"loc":{"start":{"line":259,"column":21},"end":{"line":261,"column":24}},"type":"cond-expr","locations":[{"start":{"line":260,"column":9},"end":{"line":260,"column":50}},{"start":{"line":261,"column":8},"end":{"line":261,"column":24}}]},"16":{"loc":{"start":{"line":282,"column":19},"end":{"line":282,"column":48}},"type":"binary-expr","locations":[{"start":{"line":282,"column":19},"end":{"line":282,"column":32}},{"start":{"line":282,"column":36},"end":{"line":282,"column":48}}]},"17":{"loc":{"start":{"line":301,"column":4},"end":{"line":313,"column":5}},"type":"if","locations":[{"start":{"line":301,"column":4},"end":{"line":313,"column":5}}]},"18":{"loc":{"start":{"line":305,"column":6},"end":{"line":312,"column":7}},"type":"if","locations":[{"start":{"line":305,"column":6},"end":{"line":312,"column":7}}]},"19":{"loc":{"start":{"line":322,"column":4},"end":{"line":324,"column":5}},"type":"if","locations":[{"start":{"line":322,"column":4},"end":{"line":324,"column":5}}]},"20":{"loc":{"start":{"line":339,"column":24},"end":{"line":339,"column":51}},"type":"binary-expr","locations":[{"start":{"line":339,"column":24},"end":{"line":339,"column":46}},{"start":{"line":339,"column":50},"end":{"line":339,"column":51}}]},"21":{"loc":{"start":{"line":344,"column":6},"end":{"line":346,"column":7}},"type":"if","locations":[{"start":{"line":344,"column":6},"end":{"line":346,"column":7}}]},"22":{"loc":{"start":{"line":365,"column":17},"end":{"line":365,"column":50}},"type":"binary-expr","locations":[{"start":{"line":365,"column":17},"end":{"line":365,"column":34}},{"start":{"line":365,"column":38},"end":{"line":365,"column":50}}]},"23":{"loc":{"start":{"line":366,"column":15},"end":{"line":366,"column":46}},"type":"binary-expr","locations":[{"start":{"line":366,"column":15},"end":{"line":366,"column":40}},{"start":{"line":366,"column":44},"end":{"line":366,"column":46}}]},"24":{"loc":{"start":{"line":368,"column":2},"end":{"line":370,"column":3}},"type":"if","locations":[{"start":{"line":368,"column":2},"end":{"line":370,"column":3}}]},"25":{"loc":{"start":{"line":371,"column":2},"end":{"line":373,"column":3}},"type":"if","locations":[{"start":{"line":371,"column":2},"end":{"line":373,"column":3}}]},"26":{"loc":{"start":{"line":394,"column":19},"end":{"line":394,"column":52}},"type":"binary-expr","locations":[{"start":{"line":394,"column":19},"end":{"line":394,"column":36}},{"start":{"line":394,"column":40},"end":{"line":394,"column":52}}]},"27":{"loc":{"start":{"line":399,"column":4},"end":{"line":401,"column":5}},"type":"if","locations":[{"start":{"line":399,"column":4},"end":{"line":401,"column":5}}]},"28":{"loc":{"start":{"line":412,"column":19},"end":{"line":412,"column":52}},"type":"binary-expr","locations":[{"start":{"line":412,"column":19},"end":{"line":412,"column":36}},{"start":{"line":412,"column":40},"end":{"line":412,"column":52}}]},"29":{"loc":{"start":{"line":426,"column":4},"end":{"line":429,"column":5}},"type":"if","locations":[{"start":{"line":426,"column":4},"end":{"line":429,"column":5}}]},"30":{"loc":{"start":{"line":443,"column":13},"end":{"line":443,"column":37}},"type":"binary-expr","locations":[{"start":{"line":443,"column":13},"end":{"line":443,"column":29}},{"start":{"line":443,"column":33},"end":{"line":443,"column":37}}]},"31":{"loc":{"start":{"line":458,"column":0},"end":{"line":460,"column":1}},"type":"if","locations":[{"start":{"line":458,"column":0},"end":{"line":460,"column":1}}]}},"s":{"0":1,"1":1,"2":1,"3":1,"4":1,"5":1,"6":1,"7":1,"8":1,"9":1,"10":1,"11":1,"12":1,"13":1,"14":1,"15":1,"16":1,"17":1,"18":1,"19":1,"20":1,"21":1,"22":1,"23":1,"24":1,"25":1,"26":1,"27":0,"28":0,"29":0,"30":0,"31":0,"32":0,"33":0,"34":0,"35":0,"36":1,"37":1,"38":3,"39":3,"40":3,"41":0,"42":3,"43":3,"44":3,"45":3,"46":1,"47":1,"48":1,"49":1,"50":2,"51":1,"52":2,"53":1,"54":1,"55":1,"56":1,"57":1,"58":1,"59":1,"60":1,"61":1,"62":1,"63":1,"64":1,"65":1,"66":1,"67":1,"68":1,"69":1,"70":1,"71":1,"72":2,"73":2,"74":0,"75":0,"76":1,"77":2,"78":2,"79":2,"80":2,"81":2,"82":1,"83":1,"84":0,"85":0,"86":1,"87":1,"88":1,"89":1,"90":1,"91":1,"92":1,"93":1,"94":1,"95":1,"96":1,"97":0,"98":0,"99":1,"100":1,"101":2,"102":2,"103":2,"104":1,"105":1,"106":1,"107":1,"108":1,"109":1,"110":1,"111":1,"112":0,"113":0,"114":0,"115":0,"116":0,"117":0,"118":0,"119":0,"120":0,"121":0,"122":0,"123":0,"124":0,"125":0,"126":2,"127":1,"128":1,"129":1,"130":1,"131":1,"132":1,"133":1,"134":1,"135":2,"136":2,"137":1,"138":3,"139":1,"140":3,"141":1,"142":1,"143":3,"144":1,"145":2,"146":1,"147":0,"148":0,"149":1,"150":1,"151":2,"152":2,"153":2,"154":2,"155":1,"156":1,"157":0,"158":1,"159":1,"160":1,"161":1,"162":1,"163":1,"164":1,"165":0,"166":0,"167":1,"168":2,"169":2,"170":2,"171":2,"172":1,"173":1,"174":1,"175":0,"176":0,"177":2,"178":2,"179":2,"180":1,"181":1,"182":1,"183":1,"184":1,"185":1,"186":1,"187":1,"188":1,"189":1,"190":0,"191":0,"192":1,"193":1,"194":1,"195":0,"196":1,"197":0,"198":0,"199":0,"200":0,"201":0,"202":0,"203":0,"204":1,"205":0},"f":{"0":1,"1":1,"2":0,"3":0,"4":3,"5":2,"6":2,"7":1,"8":1,"9":2,"10":1,"11":1,"12":2,"13":0,"14":0,"15":1,"16":3,"17":3,"18":2,"19":2,"20":2,"21":2,"22":0,"23":0,"24":0},"b":{"0":[1,1],"1":[0],"2":[3,0],"3":[3,3],"4":[3,0],"5":[3,3],"6":[3,0],"7":[1],"8":[2],"9":[2,2],"10":[1],"11":[1,0],"12":[1,1],"13":[1,0],"14":[1,0],"15":[0,1],"16":[1,1],"17":[0],"18":[0],"19":[1],"20":[2,0],"21":[1],"22":[2,0],"23":[2,0],"24":[1],"25":[0],"26":[2,0],"27":[1],"28":[2,0],"29":[1],"30":[1,1],"31":[0]}}
}
