TN:
SF:src/index.ts
FN:21,encodeTileId
FN:26,getTileIdsForBbox
FN:53,initDb
FN:131,initRedis
FN:138,(anonymous_5)
FN:162,(anonymous_6)
FN:163,(anonymous_7)
FN:184,(anonymous_8)
FN:185,(anonymous_9)
FN:208,(anonymous_10)
FN:231,(anonymous_11)
FN:252,(anonymous_12)
FN:277,(anonymous_13)
FN:306,(anonymous_14)
FN:307,(anonymous_15)
FN:331,(anonymous_16)
FN:342,(anonymous_17)
FN:348,(anonymous_18)
FN:353,(anonymous_19)
FN:364,(anonymous_20)
FN:392,(anonymous_21)
FN:410,handleSetRoomName
FN:439,(anonymous_23)
FN:445,start
FN:449,(anonymous_25)
FNF:25
FNH:18
FNDA:1,encodeTileId
FNDA:1,getTileIdsForBbox
FNDA:0,initDb
FNDA:0,initRedis
FNDA:3,(anonymous_5)
FNDA:2,(anonymous_6)
FNDA:2,(anonymous_7)
FNDA:1,(anonymous_8)
FNDA:1,(anonymous_9)
FNDA:2,(anonymous_10)
FNDA:1,(anonymous_11)
FNDA:1,(anonymous_12)
FNDA:2,(anonymous_13)
FNDA:0,(anonymous_14)
FNDA:0,(anonymous_15)
FNDA:1,(anonymous_16)
FNDA:3,(anonymous_17)
FNDA:3,(anonymous_18)
FNDA:2,(anonymous_19)
FNDA:2,(anonymous_20)
FNDA:2,(anonymous_21)
FNDA:2,handleSetRoomName
FNDA:0,(anonymous_23)
FNDA:0,start
FNDA:0,(anonymous_25)
DA:1,1
DA:2,1
DA:3,1
DA:4,1
DA:5,1
DA:6,1
DA:9,1
DA:10,1
DA:11,1
DA:13,1
DA:17,1
DA:18,1
DA:22,1
DA:27,1
DA:28,1
DA:29,1
DA:30,1
DA:31,1
DA:32,1
DA:33,1
DA:34,1
DA:37,1
DA:40,1
DA:44,1
DA:54,0
DA:70,0
DA:79,0
DA:84,0
DA:96,0
DA:105,0
DA:114,0
DA:125,0
DA:132,0
DA:135,1
DA:138,1
DA:139,3
DA:140,3
DA:141,3
DA:142,0
DA:144,3
DA:145,3
DA:146,3
DA:147,3
DA:148,1
DA:149,1
DA:151,1
DA:162,2
DA:163,2
DA:164,1
DA:165,1
DA:166,1
DA:167,1
DA:169,1
DA:176,1
DA:181,1
DA:182,1
DA:183,1
DA:184,1
DA:185,1
DA:186,1
DA:192,1
DA:193,1
DA:194,1
DA:195,1
DA:197,1
DA:199,2
DA:200,2
DA:202,0
DA:203,0
DA:208,1
DA:209,2
DA:210,2
DA:211,2
DA:212,2
DA:219,2
DA:220,1
DA:223,1
DA:225,0
DA:226,0
DA:231,1
DA:232,1
DA:233,1
DA:234,1
DA:235,1
DA:236,1
DA:240,1
DA:252,1
DA:259,1
DA:263,1
DA:265,0
DA:266,0
DA:271,1
DA:277,1
DA:278,2
DA:279,2
DA:280,2
DA:281,1
DA:282,1
DA:283,1
DA:284,1
DA:289,1
DA:291,1
DA:296,1
DA:301,1
DA:302,0
DA:303,0
DA:304,0
DA:305,0
DA:306,0
DA:307,0
DA:308,0
DA:315,0
DA:316,0
DA:317,0
DA:318,0
DA:320,0
DA:322,2
DA:323,1
DA:325,1
DA:326,1
DA:331,1
DA:332,1
DA:333,1
DA:337,1
DA:338,1
DA:339,2
DA:340,2
DA:342,3
DA:343,1
DA:344,3
DA:345,1
DA:348,3
DA:353,2
DA:354,1
DA:356,0
DA:357,0
DA:361,1
DA:364,1
DA:365,2
DA:366,2
DA:367,2
DA:368,2
DA:369,1
DA:371,1
DA:372,0
DA:374,1
DA:375,1
DA:376,1
DA:381,1
DA:382,1
DA:383,1
DA:384,1
DA:386,0
DA:387,0
DA:392,1
DA:393,2
DA:394,2
DA:395,2
DA:399,2
DA:400,1
DA:402,1
DA:403,1
DA:405,0
DA:406,0
DA:411,2
DA:412,2
DA:413,2
DA:414,1
DA:415,1
DA:416,1
DA:421,1
DA:422,1
DA:423,1
DA:424,1
DA:426,1
DA:427,1
DA:428,1
DA:430,0
DA:431,0
DA:436,1
DA:437,1
DA:439,1
DA:440,0
DA:443,1
DA:446,0
DA:447,0
DA:448,0
DA:449,0
DA:450,0
DA:453,0
DA:454,0
DA:458,1
DA:459,0
DA:462,1
LF:194
LH:148
BRDA:17,0,0,1
BRDA:17,0,1,1
BRDA:141,1,0,0
BRDA:141,2,0,3
BRDA:141,2,1,0
BRDA:144,3,0,3
BRDA:144,3,1,3
BRDA:145,4,0,3
BRDA:145,4,1,0
BRDA:145,5,0,3
BRDA:145,5,1,3
BRDA:146,6,0,3
BRDA:146,6,1,0
BRDA:182,7,0,1
BRDA:199,8,0,2
BRDA:211,9,0,2
BRDA:211,9,1,2
BRDA:219,10,0,1
BRDA:233,11,0,1
BRDA:233,11,1,0
BRDA:234,12,0,1
BRDA:234,12,1,1
BRDA:236,13,0,1
BRDA:236,13,1,0
BRDA:237,14,0,1
BRDA:237,14,1,0
BRDA:259,15,0,0
BRDA:259,15,1,1
BRDA:282,16,0,1
BRDA:282,16,1,1
BRDA:301,17,0,0
BRDA:305,18,0,0
BRDA:322,19,0,1
BRDA:339,20,0,2
BRDA:339,20,1,0
BRDA:344,21,0,1
BRDA:365,22,0,2
BRDA:365,22,1,0
BRDA:366,23,0,2
BRDA:366,23,1,0
BRDA:368,24,0,1
BRDA:371,25,0,0
BRDA:394,26,0,2
BRDA:394,26,1,0
BRDA:399,27,0,1
BRDA:412,28,0,2
BRDA:412,28,1,0
BRDA:426,29,0,1
BRDA:443,30,0,1
BRDA:443,30,1,1
BRDA:458,31,0,0
BRF:51
BRH:34
end_of_record
