{"/app/src/index.ts": {"path":"/app/src/index.ts","statementMap":{"0":{"start":{"line":1,"column":0},"end":{"line":1,"column":30}},"1":{"start":{"line":2,"column":0},"end":{"line":2,"column":26}},"2":{"start":{"line":3,"column":0},"end":{"line":3,"column":37}},"3":{"start":{"line":4,"column":0},"end":{"line":4,"column":31}},"4":{"start":{"line":6,"column":12},"end":{"line":6,"column":21}},"5":{"start":{"line":205,"column":9},"end":{"line":205,"column":12}},"6":{"start":{"line":7,"column":0},"end":{"line":7,"column":41}},"7":{"start":{"line":9,"column":13},"end":{"line":11,"column":2}},"8":{"start":{"line":13,"column":20},"end":{"line":15,"column":2}},"9":{"start":{"line":17,"column":20},"end":{"line":23,"column":2}},"10":{"start":{"line":25,"column":20},"end":{"line":25,"column":64}},"11":{"start":{"line":26,"column":20},"end":{"line":26,"column":85}},"12":{"start":{"line":29,"column":21},"end":{"line":35,"column":1}},"13":{"start":{"line":30,"column":16},"end":{"line":30,"column":63}},"14":{"start":{"line":31,"column":2},"end":{"line":33,"column":3}},"15":{"start":{"line":32,"column":4},"end":{"line":32,"column":59}},"16":{"start":{"line":34,"column":2},"end":{"line":34,"column":9}},"17":{"start":{"line":39,"column":0},"end":{"line":66,"column":3}},"18":{"start":{"line":40,"column":2},"end":{"line":65,"column":3}},"19":{"start":{"line":41,"column":17},"end":{"line":41,"column":75}},"20":{"start":{"line":42,"column":28},"end":{"line":42,"column":67}},"21":{"start":{"line":44,"column":19},"end":{"line":48,"column":null}},"22":{"start":{"line":51,"column":25},"end":{"line":51,"column":45}},"23":{"start":{"line":52,"column":23},"end":{"line":52,"column":62}},"24":{"start":{"line":54,"column":4},"end":{"line":61,"column":7}},"25":{"start":{"line":63,"column":4},"end":{"line":63,"column":59}},"26":{"start":{"line":64,"column":4},"end":{"line":64,"column":61}},"27":{"start":{"line":69,"column":0},"end":{"line":119,"column":3}},"28":{"start":{"line":70,"column":2},"end":{"line":118,"column":3}},"29":{"start":{"line":72,"column":25},"end":{"line":72,"column":83}},"30":{"start":{"line":73,"column":26},"end":{"line":73,"column":52}},"31":{"start":{"line":76,"column":28},"end":{"line":76,"column":97}},"32":{"start":{"line":77,"column":29},"end":{"line":77,"column":58}},"33":{"start":{"line":80,"column":25},"end":{"line":80,"column":26}},"34":{"start":{"line":81,"column":4},"end":{"line":97,"column":5}},"35":{"start":{"line":82,"column":22},"end":{"line":82,"column":68}},"36":{"start":{"line":83,"column":40},"end":{"line":83,"column":42}},"37":{"start":{"line":85,"column":6},"end":{"line":89,"column":7}},"38":{"start":{"line":86,"column":8},"end":{"line":88,"column":9}},"39":{"start":{"line":87,"column":10},"end":{"line":87,"column":41}},"40":{"start":{"line":91,"column":6},"end":{"line":94,"column":7}},"41":{"start":{"line":92,"column":8},"end":{"line":92,"column":70}},"42":{"start":{"line":93,"column":8},"end":{"line":93,"column":48}},"43":{"start":{"line":96,"column":6},"end":{"line":96,"column":60}},"44":{"start":{"line":100,"column":4},"end":{"line":106,"column":5}},"45":{"start":{"line":101,"column":6},"end":{"line":103,"column":7}},"46":{"start":{"line":102,"column":8},"end":{"line":102,"column":36}},"47":{"start":{"line":105,"column":6},"end":{"line":105,"column":52}},"48":{"start":{"line":108,"column":4},"end":{"line":114,"column":7}},"49":{"start":{"line":116,"column":4},"end":{"line":116,"column":51}},"50":{"start":{"line":117,"column":4},"end":{"line":117,"column":61}},"51":{"start":{"line":122,"column":0},"end":{"line":159,"column":3}},"52":{"start":{"line":123,"column":2},"end":{"line":158,"column":3}},"53":{"start":{"line":124,"column":24},"end":{"line":124,"column":87}},"54":{"start":{"line":125,"column":24},"end":{"line":125,"column":94}},"55":{"start":{"line":126,"column":24},"end":{"line":126,"column":94}},"56":{"start":{"line":127,"column":27},"end":{"line":127,"column":91}},"57":{"start":{"line":129,"column":27},"end":{"line":129,"column":28}},"58":{"start":{"line":130,"column":25},"end":{"line":130,"column":26}},"59":{"start":{"line":131,"column":4},"end":{"line":141,"column":5}},"60":{"start":{"line":132,"column":22},"end":{"line":132,"column":68}},"61":{"start":{"line":133,"column":6},"end":{"line":138,"column":7}},"62":{"start":{"line":134,"column":8},"end":{"line":137,"column":9}},"63":{"start":{"line":135,"column":10},"end":{"line":135,"column":29}},"64":{"start":{"line":136,"column":10},"end":{"line":136,"column":37}},"65":{"start":{"line":140,"column":6},"end":{"line":140,"column":60}},"66":{"start":{"line":143,"column":4},"end":{"line":154,"column":7}},"67":{"start":{"line":156,"column":4},"end":{"line":156,"column":50}},"68":{"start":{"line":157,"column":4},"end":{"line":157,"column":61}},"69":{"start":{"line":161,"column":0},"end":{"line":163,"column":3}},"70":{"start":{"line":162,"column":2},"end":{"line":162,"column":55}},"71":{"start":{"line":166,"column":0},"end":{"line":177,"column":3}},"72":{"start":{"line":167,"column":2},"end":{"line":176,"column":5}},"73":{"start":{"line":179,"column":13},"end":{"line":179,"column":37}},"74":{"start":{"line":182,"column":2},"end":{"line":198,"column":3}},"75":{"start":{"line":184,"column":4},"end":{"line":189,"column":5}},"76":{"start":{"line":185,"column":6},"end":{"line":185,"column":34}},"77":{"start":{"line":186,"column":6},"end":{"line":186,"column":37}},"78":{"start":{"line":188,"column":6},"end":{"line":188,"column":84}},"79":{"start":{"line":191,"column":4},"end":{"line":194,"column":7}},"80":{"start":{"line":192,"column":6},"end":{"line":192,"column":59}},"81":{"start":{"line":193,"column":6},"end":{"line":193,"column":49}},"82":{"start":{"line":196,"column":4},"end":{"line":196,"column":53}},"83":{"start":{"line":197,"column":4},"end":{"line":197,"column":20}},"84":{"start":{"line":201,"column":0},"end":{"line":203,"column":1}},"85":{"start":{"line":202,"column":2},"end":{"line":202,"column":10}}},"fnMap":{"0":{"name":"(anonymous_10)","decl":{"start":{"line":29,"column":21},"end":{"line":29,"column":22}},"loc":{"start":{"line":29,"column":97},"end":{"line":35,"column":1}}},"1":{"name":"(anonymous_11)","decl":{"start":{"line":39,"column":45},"end":{"line":39,"column":50}},"loc":{"start":{"line":39,"column":64},"end":{"line":66,"column":1}}},"2":{"name":"(anonymous_12)","decl":{"start":{"line":69,"column":45},"end":{"line":69,"column":50}},"loc":{"start":{"line":69,"column":64},"end":{"line":119,"column":1}}},"3":{"name":"(anonymous_13)","decl":{"start":{"line":122,"column":38},"end":{"line":122,"column":43}},"loc":{"start":{"line":122,"column":57},"end":{"line":159,"column":1}}},"4":{"name":"(anonymous_14)","decl":{"start":{"line":161,"column":19},"end":{"line":161,"column":20}},"loc":{"start":{"line":161,"column":32},"end":{"line":163,"column":1}}},"5":{"name":"(anonymous_15)","decl":{"start":{"line":166,"column":13},"end":{"line":166,"column":14}},"loc":{"start":{"line":166,"column":26},"end":{"line":177,"column":1}}},"6":{"name":"start","decl":{"start":{"line":181,"column":15},"end":{"line":181,"column":20}},"loc":{"start":{"line":181,"column":20},"end":{"line":199,"column":1}}},"7":{"name":"(anonymous_17)","decl":{"start":{"line":191,"column":21},"end":{"line":191,"column":24}},"loc":{"start":{"line":191,"column":26},"end":{"line":194,"column":5}}}},"branchMap":{"0":{"loc":{"start":{"line":19,"column":17},"end":{"line":19,"column":68}},"type":"binary-expr","locations":[{"start":{"line":19,"column":17},"end":{"line":19,"column":58}},{"start":{"line":19,"column":62},"end":{"line":19,"column":68}}]},"1":{"loc":{"start":{"line":25,"column":20},"end":{"line":25,"column":64}},"type":"binary-expr","locations":[{"start":{"line":25,"column":20},"end":{"line":25,"column":44}},{"start":{"line":25,"column":48},"end":{"line":25,"column":64}}]},"2":{"loc":{"start":{"line":26,"column":20},"end":{"line":26,"column":85}},"type":"binary-expr","locations":[{"start":{"line":26,"column":20},"end":{"line":26,"column":43}},{"start":{"line":26,"column":47},"end":{"line":26,"column":85}}]},"3":{"loc":{"start":{"line":30,"column":16},"end":{"line":30,"column":63}},"type":"binary-expr","locations":[{"start":{"line":30,"column":16},"end":{"line":30,"column":44}},{"start":{"line":30,"column":48},"end":{"line":30,"column":63}}]},"4":{"loc":{"start":{"line":31,"column":2},"end":{"line":33,"column":3}},"type":"if","locations":[{"start":{"line":31,"column":2},"end":{"line":33,"column":3}}]},"5":{"loc":{"start":{"line":41,"column":26},"end":{"line":41,"column":74}},"type":"binary-expr","locations":[{"start":{"line":41,"column":26},"end":{"line":41,"column":39}},{"start":{"line":41,"column":43},"end":{"line":41,"column":67}},{"start":{"line":41,"column":71},"end":{"line":41,"column":74}}]},"6":{"loc":{"start":{"line":51,"column":25},"end":{"line":51,"column":45}},"type":"binary-expr","locations":[{"start":{"line":51,"column":25},"end":{"line":51,"column":40}},{"start":{"line":51,"column":44},"end":{"line":51,"column":45}}]},"7":{"loc":{"start":{"line":73,"column":26},"end":{"line":73,"column":52}},"type":"binary-expr","locations":[{"start":{"line":73,"column":26},"end":{"line":73,"column":47}},{"start":{"line":73,"column":51},"end":{"line":73,"column":52}}]},"8":{"loc":{"start":{"line":77,"column":29},"end":{"line":77,"column":58}},"type":"binary-expr","locations":[{"start":{"line":77,"column":29},"end":{"line":77,"column":53}},{"start":{"line":77,"column":57},"end":{"line":77,"column":58}}]},"9":{"loc":{"start":{"line":86,"column":8},"end":{"line":88,"column":9}},"type":"if","locations":[{"start":{"line":86,"column":8},"end":{"line":88,"column":9}}]},"10":{"loc":{"start":{"line":91,"column":6},"end":{"line":94,"column":7}},"type":"if","locations":[{"start":{"line":91,"column":6},"end":{"line":94,"column":7}}]},"11":{"loc":{"start":{"line":101,"column":6},"end":{"line":103,"column":7}},"type":"if","locations":[{"start":{"line":101,"column":6},"end":{"line":103,"column":7}}]},"12":{"loc":{"start":{"line":134,"column":8},"end":{"line":137,"column":9}},"type":"if","locations":[{"start":{"line":134,"column":8},"end":{"line":137,"column":9}}]},"13":{"loc":{"start":{"line":146,"column":16},"end":{"line":146,"column":88}},"type":"cond-expr","locations":[{"start":{"line":146,"column":45},"end":{"line":146,"column":81}},{"start":{"line":146,"column":84},"end":{"line":146,"column":88}}]},"14":{"loc":{"start":{"line":147,"column":16},"end":{"line":147,"column":88}},"type":"cond-expr","locations":[{"start":{"line":147,"column":45},"end":{"line":147,"column":81}},{"start":{"line":147,"column":84},"end":{"line":147,"column":88}}]},"15":{"loc":{"start":{"line":179,"column":13},"end":{"line":179,"column":37}},"type":"binary-expr","locations":[{"start":{"line":179,"column":13},"end":{"line":179,"column":29}},{"start":{"line":179,"column":33},"end":{"line":179,"column":37}}]},"16":{"loc":{"start":{"line":201,"column":0},"end":{"line":203,"column":1}},"type":"if","locations":[{"start":{"line":201,"column":0},"end":{"line":203,"column":1}}]}},"s":{"0":1,"1":1,"2":1,"3":1,"4":1,"5":1,"6":1,"7":1,"8":1,"9":1,"10":1,"11":1,"12":1,"13":6,"14":6,"15":1,"16":5,"17":1,"18":2,"19":2,"20":2,"21":2,"22":2,"23":2,"24":2,"25":0,"26":0,"27":1,"28":1,"29":1,"30":1,"31":1,"32":1,"33":1,"34":1,"35":1,"36":1,"37":1,"38":0,"39":0,"40":1,"41":0,"42":0,"43":0,"44":1,"45":1,"46":1,"47":0,"48":1,"49":0,"50":0,"51":1,"52":2,"53":2,"54":2,"55":2,"56":2,"57":2,"58":2,"59":2,"60":2,"61":2,"62":0,"63":0,"64":0,"65":0,"66":2,"67":0,"68":0,"69":1,"70":1,"71":1,"72":1,"73":1,"74":0,"75":0,"76":0,"77":0,"78":0,"79":0,"80":0,"81":0,"82":0,"83":0,"84":1,"85":0},"f":{"0":6,"1":2,"2":1,"3":2,"4":1,"5":1,"6":0,"7":0},"b":{"0":[1,0],"1":[1,1],"2":[1,0],"3":[6,2],"4":[1],"5":[2,0,0],"6":[2,1],"7":[1,0],"8":[1,0],"9":[0],"10":[0],"11":[1],"12":[0],"13":[1,1],"14":[1,1],"15":[1,1],"16":[0]}}
}
