TN:
SF:src/index.ts
FN:29,(anonymous_10)
FN:39,(anonymous_11)
FN:69,(anonymous_12)
FN:122,(anonymous_13)
FN:161,(anonymous_14)
FN:166,(anonymous_15)
FN:181,start
FN:191,(anonymous_17)
FNF:8
FNH:6
FNDA:6,(anonymous_10)
FNDA:2,(anonymous_11)
FNDA:1,(anonymous_12)
FNDA:2,(anonymous_13)
FNDA:1,(anonymous_14)
FNDA:1,(anonymous_15)
FNDA:0,start
FNDA:0,(anonymous_17)
DA:1,1
DA:2,1
DA:3,1
DA:4,1
DA:6,1
DA:7,1
DA:9,1
DA:13,1
DA:17,1
DA:25,1
DA:26,1
DA:29,1
DA:30,6
DA:31,6
DA:32,1
DA:34,5
DA:39,1
DA:40,2
DA:41,2
DA:42,2
DA:44,2
DA:51,2
DA:52,2
DA:54,2
DA:63,0
DA:64,0
DA:69,1
DA:70,1
DA:72,1
DA:73,1
DA:76,1
DA:77,1
DA:80,1
DA:81,1
DA:82,1
DA:83,1
DA:85,1
DA:86,0
DA:87,0
DA:91,1
DA:92,0
DA:93,0
DA:96,0
DA:100,1
DA:101,1
DA:102,1
DA:105,0
DA:108,1
DA:116,0
DA:117,0
DA:122,1
DA:123,2
DA:124,2
DA:125,2
DA:126,2
DA:127,2
DA:129,2
DA:130,2
DA:131,2
DA:132,2
DA:133,2
DA:134,0
DA:135,0
DA:136,0
DA:140,0
DA:143,2
DA:156,0
DA:157,0
DA:161,1
DA:162,1
DA:166,1
DA:167,1
DA:179,1
DA:182,0
DA:184,0
DA:185,0
DA:186,0
DA:188,0
DA:191,0
DA:192,0
DA:193,0
DA:196,0
DA:197,0
DA:201,1
DA:202,0
DA:205,1
LF:86
LH:59
BRDA:19,0,0,1
BRDA:19,0,1,0
BRDA:25,1,0,1
BRDA:25,1,1,1
BRDA:26,2,0,1
BRDA:26,2,1,0
BRDA:30,3,0,6
BRDA:30,3,1,2
BRDA:31,4,0,1
BRDA:41,5,0,2
BRDA:41,5,1,0
BRDA:41,5,2,0
BRDA:51,6,0,2
BRDA:51,6,1,1
BRDA:73,7,0,1
BRDA:73,7,1,0
BRDA:77,8,0,1
BRDA:77,8,1,0
BRDA:86,9,0,0
BRDA:91,10,0,0
BRDA:101,11,0,1
BRDA:134,12,0,0
BRDA:146,13,0,1
BRDA:146,13,1,1
BRDA:147,14,0,1
BRDA:147,14,1,1
BRDA:179,15,0,1
BRDA:179,15,1,1
BRDA:201,16,0,0
BRF:29
BRH:19
end_of_record
