{"/app/src/index.ts": {"path":"/app/src/index.ts","statementMap":{"0":{"start":{"line":1,"column":0},"end":{"line":1,"column":59}},"1":{"start":{"line":2,"column":0},"end":{"line":2,"column":30}},"2":{"start":{"line":3,"column":0},"end":{"line":3,"column":48}},"3":{"start":{"line":4,"column":0},"end":{"line":4,"column":37}},"4":{"start":{"line":8,"column":2},"end":{"line":15,"column":3}},"5":{"start":{"line":9,"column":4},"end":{"line":11,"column":5}},"6":{"start":{"line":10,"column":6},"end":{"line":10,"column":67}},"7":{"start":{"line":12,"column":4},"end":{"line":12,"column":56}},"8":{"start":{"line":14,"column":4},"end":{"line":14,"column":16}},"9":{"start":{"line":18,"column":12},"end":{"line":18,"column":21}},"10":{"start":{"line":195,"column":9},"end":{"line":195,"column":12}},"11":{"start":{"line":19,"column":13},"end":{"line":19,"column":37}},"12":{"start":{"line":20,"column":16},"end":{"line":20,"column":55}},"13":{"start":{"line":22,"column":20},"end":{"line":24,"column":2}},"14":{"start":{"line":26,"column":12},"end":{"line":26,"column":80}},"15":{"start":{"line":34,"column":16},"end":{"line":34,"column":44}},"16":{"start":{"line":37,"column":2},"end":{"line":37,"column":29}},"17":{"start":{"line":41,"column":20},"end":{"line":41,"column":23}},"18":{"start":{"line":42,"column":16},"end":{"line":42,"column":33}},"19":{"start":{"line":44,"column":2},"end":{"line":48,"column":3}},"20":{"start":{"line":45,"column":18},"end":{"line":45,"column":43}},"21":{"start":{"line":46,"column":18},"end":{"line":46,"column":43}},"22":{"start":{"line":47,"column":4},"end":{"line":47,"column":40}},"23":{"start":{"line":50,"column":2},"end":{"line":50,"column":27}},"24":{"start":{"line":54,"column":2},"end":{"line":54,"column":30}},"25":{"start":{"line":55,"column":2},"end":{"line":55,"column":44}},"26":{"start":{"line":57,"column":21},"end":{"line":57,"column":44}},"27":{"start":{"line":58,"column":2},"end":{"line":58,"column":29}},"28":{"start":{"line":59,"column":2},"end":{"line":59,"column":46}},"29":{"start":{"line":63,"column":2},"end":{"line":98,"column":5}},"30":{"start":{"line":64,"column":4},"end":{"line":97,"column":5}},"31":{"start":{"line":65,"column":20},"end":{"line":65,"column":52}},"32":{"start":{"line":66,"column":6},"end":{"line":69,"column":7}},"33":{"start":{"line":67,"column":8},"end":{"line":67,"column":72}},"34":{"start":{"line":68,"column":8},"end":{"line":68,"column":15}},"35":{"start":{"line":70,"column":6},"end":{"line":70,"column":95}},"36":{"start":{"line":72,"column":29},"end":{"line":72,"column":56}},"37":{"start":{"line":73,"column":6},"end":{"line":94,"column":7}},"38":{"start":{"line":74,"column":22},"end":{"line":74,"column":53}},"39":{"start":{"line":75,"column":28},"end":{"line":75,"column":29}},"40":{"start":{"line":76,"column":8},"end":{"line":83,"column":9}},"41":{"start":{"line":77,"column":27},"end":{"line":77,"column":67}},"42":{"start":{"line":78,"column":31},"end":{"line":78,"column":136}},"43":{"start":{"line":78,"column":102},"end":{"line":78,"column":134}},"44":{"start":{"line":79,"column":10},"end":{"line":82,"column":11}},"45":{"start":{"line":80,"column":12},"end":{"line":80,"column":43}},"46":{"start":{"line":81,"column":12},"end":{"line":81,"column":28}},"47":{"start":{"line":84,"column":8},"end":{"line":84,"column":120}},"48":{"start":{"line":85,"column":13},"end":{"line":94,"column":7}},"49":{"start":{"line":86,"column":28},"end":{"line":86,"column":29}},"50":{"start":{"line":87,"column":8},"end":{"line":92,"column":9}},"51":{"start":{"line":88,"column":10},"end":{"line":91,"column":11}},"52":{"start":{"line":89,"column":12},"end":{"line":89,"column":43}},"53":{"start":{"line":90,"column":12},"end":{"line":90,"column":28}},"54":{"start":{"line":93,"column":8},"end":{"line":93,"column":127}},"55":{"start":{"line":96,"column":6},"end":{"line":96,"column":61}},"56":{"start":{"line":100,"column":2},"end":{"line":117,"column":5}},"57":{"start":{"line":101,"column":4},"end":{"line":116,"column":5}},"58":{"start":{"line":102,"column":19},"end":{"line":102,"column":38}},"59":{"start":{"line":103,"column":6},"end":{"line":113,"column":7}},"60":{"start":{"line":104,"column":30},"end":{"line":104,"column":41}},"61":{"start":{"line":105,"column":28},"end":{"line":105,"column":29}},"62":{"start":{"line":106,"column":8},"end":{"line":111,"column":9}},"63":{"start":{"line":107,"column":10},"end":{"line":110,"column":11}},"64":{"start":{"line":108,"column":12},"end":{"line":108,"column":42}},"65":{"start":{"line":109,"column":12},"end":{"line":109,"column":28}},"66":{"start":{"line":112,"column":8},"end":{"line":112,"column":126}},"67":{"start":{"line":115,"column":6},"end":{"line":115,"column":59}},"68":{"start":{"line":119,"column":2},"end":{"line":119,"column":78}},"69":{"start":{"line":122,"column":0},"end":{"line":172,"column":3}},"70":{"start":{"line":123,"column":2},"end":{"line":123,"column":71}},"71":{"start":{"line":124,"column":25},"end":{"line":128,"column":4}},"72":{"start":{"line":130,"column":2},"end":{"line":130,"column":26}},"73":{"start":{"line":132,"column":2},"end":{"line":161,"column":5}},"74":{"start":{"line":133,"column":4},"end":{"line":160,"column":5}},"75":{"start":{"line":134,"column":22},"end":{"line":134,"column":49}},"76":{"start":{"line":135,"column":6},"end":{"line":135,"column":72}},"77":{"start":{"line":137,"column":6},"end":{"line":157,"column":7}},"78":{"start":{"line":138,"column":8},"end":{"line":141,"column":9}},"79":{"start":{"line":139,"column":10},"end":{"line":139,"column":41}},"80":{"start":{"line":140,"column":10},"end":{"line":140,"column":60}},"81":{"start":{"line":142,"column":26},"end":{"line":142,"column":33}},"82":{"start":{"line":143,"column":8},"end":{"line":148,"column":9}},"83":{"start":{"line":144,"column":10},"end":{"line":146,"column":13}},"84":{"start":{"line":145,"column":12},"end":{"line":145,"column":45}},"85":{"start":{"line":147,"column":10},"end":{"line":147,"column":94}},"86":{"start":{"line":149,"column":13},"end":{"line":157,"column":7}},"87":{"start":{"line":150,"column":26},"end":{"line":150,"column":33}},"88":{"start":{"line":151,"column":8},"end":{"line":156,"column":9}},"89":{"start":{"line":152,"column":10},"end":{"line":154,"column":13}},"90":{"start":{"line":153,"column":12},"end":{"line":153,"column":48}},"91":{"start":{"line":155,"column":10},"end":{"line":155,"column":77}},"92":{"start":{"line":159,"column":6},"end":{"line":159,"column":66}},"93":{"start":{"line":163,"column":2},"end":{"line":166,"column":5}},"94":{"start":{"line":164,"column":4},"end":{"line":164,"column":76}},"95":{"start":{"line":165,"column":4},"end":{"line":165,"column":23}},"96":{"start":{"line":168,"column":2},"end":{"line":171,"column":5}},"97":{"start":{"line":169,"column":4},"end":{"line":169,"column":45}},"98":{"start":{"line":170,"column":4},"end":{"line":170,"column":23}},"99":{"start":{"line":174,"column":0},"end":{"line":176,"column":3}},"100":{"start":{"line":175,"column":2},"end":{"line":175,"column":52}},"101":{"start":{"line":179,"column":2},"end":{"line":188,"column":3}},"102":{"start":{"line":180,"column":4},"end":{"line":180,"column":22}},"103":{"start":{"line":181,"column":4},"end":{"line":184,"column":7}},"104":{"start":{"line":182,"column":6},"end":{"line":182,"column":62}},"105":{"start":{"line":183,"column":6},"end":{"line":183,"column":65}},"106":{"start":{"line":186,"column":4},"end":{"line":186,"column":53}},"107":{"start":{"line":187,"column":4},"end":{"line":187,"column":20}},"108":{"start":{"line":191,"column":0},"end":{"line":193,"column":1}},"109":{"start":{"line":192,"column":2},"end":{"line":192,"column":10}}},"fnMap":{"0":{"name":"parseStrokeEventMessage","decl":{"start":{"line":7,"column":9},"end":{"line":7,"column":32}},"loc":{"start":{"line":7,"column":57},"end":{"line":16,"column":1}}},"1":{"name":"getTileKey","decl":{"start":{"line":36,"column":9},"end":{"line":36,"column":19}},"loc":{"start":{"line":36,"column":48},"end":{"line":38,"column":1}}},"2":{"name":"getTilesForStroke","decl":{"start":{"line":40,"column":9},"end":{"line":40,"column":26}},"loc":{"start":{"line":40,"column":38},"end":{"line":51,"column":1}}},"3":{"name":"initRedis","decl":{"start":{"line":53,"column":15},"end":{"line":53,"column":24}},"loc":{"start":{"line":53,"column":24},"end":{"line":120,"column":1}}},"4":{"name":"(anonymous_5)","decl":{"start":{"line":63,"column":46},"end":{"line":63,"column":47}},"loc":{"start":{"line":63,"column":67},"end":{"line":98,"column":3}}},"5":{"name":"(anonymous_6)","decl":{"start":{"line":78,"column":92},"end":{"line":78,"column":93}},"loc":{"start":{"line":78,"column":102},"end":{"line":78,"column":134}}},"6":{"name":"(anonymous_7)","decl":{"start":{"line":100,"column":44},"end":{"line":100,"column":45}},"loc":{"start":{"line":100,"column":65},"end":{"line":117,"column":3}}},"7":{"name":"(anonymous_8)","decl":{"start":{"line":122,"column":21},"end":{"line":122,"column":22}},"loc":{"start":{"line":122,"column":39},"end":{"line":172,"column":1}}},"8":{"name":"(anonymous_9)","decl":{"start":{"line":132,"column":19},"end":{"line":132,"column":20}},"loc":{"start":{"line":132,"column":36},"end":{"line":161,"column":3}}},"9":{"name":"(anonymous_10)","decl":{"start":{"line":144,"column":24},"end":{"line":144,"column":25}},"loc":{"start":{"line":144,"column":41},"end":{"line":146,"column":11}}},"10":{"name":"(anonymous_11)","decl":{"start":{"line":152,"column":24},"end":{"line":152,"column":25}},"loc":{"start":{"line":152,"column":41},"end":{"line":154,"column":11}}},"11":{"name":"(anonymous_12)","decl":{"start":{"line":163,"column":17},"end":{"line":163,"column":20}},"loc":{"start":{"line":163,"column":22},"end":{"line":166,"column":3}}},"12":{"name":"(anonymous_13)","decl":{"start":{"line":168,"column":17},"end":{"line":168,"column":18}},"loc":{"start":{"line":168,"column":27},"end":{"line":171,"column":3}}},"13":{"name":"(anonymous_14)","decl":{"start":{"line":174,"column":19},"end":{"line":174,"column":20}},"loc":{"start":{"line":174,"column":32},"end":{"line":176,"column":1}}},"14":{"name":"start","decl":{"start":{"line":178,"column":15},"end":{"line":178,"column":20}},"loc":{"start":{"line":178,"column":20},"end":{"line":189,"column":1}}},"15":{"name":"(anonymous_16)","decl":{"start":{"line":181,"column":21},"end":{"line":181,"column":24}},"loc":{"start":{"line":181,"column":26},"end":{"line":184,"column":5}}}},"branchMap":{"0":{"loc":{"start":{"line":9,"column":4},"end":{"line":11,"column":5}},"type":"if","locations":[{"start":{"line":9,"column":4},"end":{"line":11,"column":5}}]},"1":{"loc":{"start":{"line":19,"column":13},"end":{"line":19,"column":37}},"type":"binary-expr","locations":[{"start":{"line":19,"column":13},"end":{"line":19,"column":29}},{"start":{"line":19,"column":33},"end":{"line":19,"column":37}}]},"2":{"loc":{"start":{"line":20,"column":25},"end":{"line":20,"column":54}},"type":"binary-expr","locations":[{"start":{"line":20,"column":25},"end":{"line":20,"column":44}},{"start":{"line":20,"column":48},"end":{"line":20,"column":54}}]},"3":{"loc":{"start":{"line":44,"column":23},"end":{"line":44,"column":42}},"type":"binary-expr","locations":[{"start":{"line":44,"column":23},"end":{"line":44,"column":36}},{"start":{"line":44,"column":40},"end":{"line":44,"column":42}}]},"4":{"loc":{"start":{"line":66,"column":6},"end":{"line":69,"column":7}},"type":"if","locations":[{"start":{"line":66,"column":6},"end":{"line":69,"column":7}}]},"5":{"loc":{"start":{"line":72,"column":29},"end":{"line":72,"column":56}},"type":"binary-expr","locations":[{"start":{"line":72,"column":29},"end":{"line":72,"column":49}},{"start":{"line":72,"column":53},"end":{"line":72,"column":56}}]},"6":{"loc":{"start":{"line":73,"column":6},"end":{"line":94,"column":7}},"type":"if","locations":[{"start":{"line":73,"column":6},"end":{"line":94,"column":7}},{"start":{"line":85,"column":13},"end":{"line":94,"column":7}}]},"7":{"loc":{"start":{"line":73,"column":10},"end":{"line":73,"column":57}},"type":"binary-expr","locations":[{"start":{"line":73,"column":10},"end":{"line":73,"column":41}},{"start":{"line":73,"column":45},"end":{"line":73,"column":57}}]},"8":{"loc":{"start":{"line":77,"column":28},"end":{"line":77,"column":48}},"type":"binary-expr","locations":[{"start":{"line":77,"column":28},"end":{"line":77,"column":41}},{"start":{"line":77,"column":45},"end":{"line":77,"column":48}}]},"9":{"loc":{"start":{"line":78,"column":31},"end":{"line":78,"column":136}},"type":"binary-expr","locations":[{"start":{"line":78,"column":31},"end":{"line":78,"column":39}},{"start":{"line":78,"column":44},"end":{"line":78,"column":77}},{"start":{"line":78,"column":81},"end":{"line":78,"column":135}}]},"10":{"loc":{"start":{"line":79,"column":10},"end":{"line":82,"column":11}},"type":"if","locations":[{"start":{"line":79,"column":10},"end":{"line":82,"column":11}}]},"11":{"loc":{"start":{"line":79,"column":14},"end":{"line":79,"column":62}},"type":"binary-expr","locations":[{"start":{"line":79,"column":14},"end":{"line":79,"column":26}},{"start":{"line":79,"column":30},"end":{"line":79,"column":62}}]},"12":{"loc":{"start":{"line":85,"column":13},"end":{"line":94,"column":7}},"type":"if","locations":[{"start":{"line":85,"column":13},"end":{"line":94,"column":7}}]},"13":{"loc":{"start":{"line":88,"column":10},"end":{"line":91,"column":11}},"type":"if","locations":[{"start":{"line":88,"column":10},"end":{"line":91,"column":11}}]},"14":{"loc":{"start":{"line":88,"column":14},"end":{"line":88,"column":90}},"type":"binary-expr","locations":[{"start":{"line":88,"column":14},"end":{"line":88,"column":54}},{"start":{"line":88,"column":58},"end":{"line":88,"column":90}}]},"15":{"loc":{"start":{"line":88,"column":15},"end":{"line":88,"column":35}},"type":"binary-expr","locations":[{"start":{"line":88,"column":15},"end":{"line":88,"column":28}},{"start":{"line":88,"column":32},"end":{"line":88,"column":35}}]},"16":{"loc":{"start":{"line":103,"column":6},"end":{"line":113,"column":7}},"type":"if","locations":[{"start":{"line":103,"column":6},"end":{"line":113,"column":7}}]},"17":{"loc":{"start":{"line":103,"column":10},"end":{"line":103,"column":86}},"type":"binary-expr","locations":[{"start":{"line":103,"column":10},"end":{"line":103,"column":38}},{"start":{"line":103,"column":42},"end":{"line":103,"column":53}},{"start":{"line":103,"column":57},"end":{"line":103,"column":86}}]},"18":{"loc":{"start":{"line":107,"column":10},"end":{"line":110,"column":11}},"type":"if","locations":[{"start":{"line":107,"column":10},"end":{"line":110,"column":11}}]},"19":{"loc":{"start":{"line":107,"column":14},"end":{"line":107,"column":90}},"type":"binary-expr","locations":[{"start":{"line":107,"column":14},"end":{"line":107,"column":54}},{"start":{"line":107,"column":58},"end":{"line":107,"column":90}}]},"20":{"loc":{"start":{"line":107,"column":15},"end":{"line":107,"column":35}},"type":"binary-expr","locations":[{"start":{"line":107,"column":15},"end":{"line":107,"column":28}},{"start":{"line":107,"column":32},"end":{"line":107,"column":35}}]},"21":{"loc":{"start":{"line":137,"column":6},"end":{"line":157,"column":7}},"type":"if","locations":[{"start":{"line":137,"column":6},"end":{"line":157,"column":7}},{"start":{"line":149,"column":13},"end":{"line":157,"column":7}}]},"22":{"loc":{"start":{"line":138,"column":8},"end":{"line":141,"column":9}},"type":"if","locations":[{"start":{"line":138,"column":8},"end":{"line":141,"column":9}}]},"23":{"loc":{"start":{"line":143,"column":8},"end":{"line":148,"column":9}},"type":"if","locations":[{"start":{"line":143,"column":8},"end":{"line":148,"column":9}}]},"24":{"loc":{"start":{"line":149,"column":13},"end":{"line":157,"column":7}},"type":"if","locations":[{"start":{"line":149,"column":13},"end":{"line":157,"column":7}}]},"25":{"loc":{"start":{"line":151,"column":8},"end":{"line":156,"column":9}},"type":"if","locations":[{"start":{"line":151,"column":8},"end":{"line":156,"column":9}}]},"26":{"loc":{"start":{"line":191,"column":0},"end":{"line":193,"column":1}},"type":"if","locations":[{"start":{"line":191,"column":0},"end":{"line":193,"column":1}}]}},"s":{"0":1,"1":1,"2":1,"3":1,"4":0,"5":0,"6":0,"7":0,"8":0,"9":1,"10":1,"11":1,"12":1,"13":1,"14":1,"15":1,"16":0,"17":0,"18":0,"19":0,"20":0,"21":0,"22":0,"23":0,"24":0,"25":0,"26":0,"27":0,"28":0,"29":0,"30":0,"31":0,"32":0,"33":0,"34":0,"35":0,"36":0,"37":0,"38":0,"39":0,"40":0,"41":0,"42":0,"43":0,"44":0,"45":0,"46":0,"47":0,"48":0,"49":0,"50":0,"51":0,"52":0,"53":0,"54":0,"55":0,"56":0,"57":0,"58":0,"59":0,"60":0,"61":0,"62":0,"63":0,"64":0,"65":0,"66":0,"67":0,"68":0,"69":1,"70":0,"71":0,"72":0,"73":0,"74":0,"75":0,"76":0,"77":0,"78":0,"79":0,"80":0,"81":0,"82":0,"83":0,"84":0,"85":0,"86":0,"87":0,"88":0,"89":0,"90":0,"91":0,"92":0,"93":0,"94":0,"95":0,"96":0,"97":0,"98":0,"99":1,"100":1,"101":0,"102":0,"103":0,"104":0,"105":0,"106":0,"107":0,"108":1,"109":0},"f":{"0":0,"1":0,"2":0,"3":0,"4":0,"5":0,"6":0,"7":0,"8":0,"9":0,"10":0,"11":0,"12":0,"13":1,"14":0,"15":0},"b":{"0":[0],"1":[1,1],"2":[1,0],"3":[0,0],"4":[0],"5":[0,0],"6":[0,0],"7":[0,0],"8":[0,0],"9":[0,0,0],"10":[0],"11":[0,0],"12":[0],"13":[0],"14":[0,0],"15":[0,0],"16":[0],"17":[0,0,0],"18":[0],"19":[0,0],"20":[0,0],"21":[0,0],"22":[0],"23":[0],"24":[0],"25":[0],"26":[0]}}
}
