{"/app/src/index.ts": {"path":"/app/src/index.ts","statementMap":{"0":{"start":{"line":1,"column":0},"end":{"line":1,"column":30}},"1":{"start":{"line":2,"column":0},"end":{"line":2,"column":62}},"2":{"start":{"line":3,"column":0},"end":{"line":3,"column":43}},"3":{"start":{"line":4,"column":0},"end":{"line":4,"column":37}},"4":{"start":{"line":5,"column":0},"end":{"line":5,"column":24}},"5":{"start":{"line":7,"column":12},"end":{"line":7,"column":21}},"6":{"start":{"line":121,"column":9},"end":{"line":121,"column":12}},"7":{"start":{"line":8,"column":0},"end":{"line":8,"column":16}},"8":{"start":{"line":9,"column":0},"end":{"line":9,"column":41}},"9":{"start":{"line":11,"column":20},"end":{"line":13,"column":2}},"10":{"start":{"line":15,"column":16},"end":{"line":37,"column":2}},"11":{"start":{"line":22,"column":6},"end":{"line":28,"column":7}},"12":{"start":{"line":23,"column":22},"end":{"line":23,"column":49}},"13":{"start":{"line":24,"column":8},"end":{"line":24,"column":42}},"14":{"start":{"line":25,"column":8},"end":{"line":25,"column":59}},"15":{"start":{"line":27,"column":8},"end":{"line":27,"column":25}},"16":{"start":{"line":31,"column":6},"end":{"line":31,"column":34}},"17":{"start":{"line":34,"column":6},"end":{"line":34,"column":33}},"18":{"start":{"line":39,"column":0},"end":{"line":39,"column":25}},"19":{"start":{"line":41,"column":0},"end":{"line":50,"column":2}},"20":{"start":{"line":52,"column":0},"end":{"line":61,"column":2}},"21":{"start":{"line":63,"column":0},"end":{"line":72,"column":2}},"22":{"start":{"line":74,"column":0},"end":{"line":83,"column":2}},"23":{"start":{"line":85,"column":0},"end":{"line":94,"column":2}},"24":{"start":{"line":96,"column":0},"end":{"line":101,"column":3}},"25":{"start":{"line":97,"column":2},"end":{"line":100,"column":5}},"26":{"start":{"line":103,"column":13},"end":{"line":103,"column":37}},"27":{"start":{"line":106,"column":2},"end":{"line":114,"column":3}},"28":{"start":{"line":107,"column":4},"end":{"line":107,"column":32}},"29":{"start":{"line":108,"column":4},"end":{"line":110,"column":7}},"30":{"start":{"line":109,"column":6},"end":{"line":109,"column":57}},"31":{"start":{"line":112,"column":4},"end":{"line":112,"column":53}},"32":{"start":{"line":113,"column":4},"end":{"line":113,"column":20}},"33":{"start":{"line":117,"column":0},"end":{"line":119,"column":1}},"34":{"start":{"line":118,"column":2},"end":{"line":118,"column":10}}},"fnMap":{"0":{"name":"(anonymous_1)","decl":{"start":{"line":21,"column":4},"end":{"line":21,"column":9}},"loc":{"start":{"line":21,"column":86},"end":{"line":29,"column":5}}},"1":{"name":"(anonymous_2)","decl":{"start":{"line":30,"column":4},"end":{"line":30,"column":9}},"loc":{"start":{"line":30,"column":31},"end":{"line":32,"column":5}}},"2":{"name":"(anonymous_3)","decl":{"start":{"line":33,"column":4},"end":{"line":33,"column":9}},"loc":{"start":{"line":33,"column":30},"end":{"line":35,"column":5}}},"3":{"name":"(anonymous_4)","decl":{"start":{"line":96,"column":19},"end":{"line":96,"column":20}},"loc":{"start":{"line":96,"column":32},"end":{"line":101,"column":1}}},"4":{"name":"start","decl":{"start":{"line":105,"column":15},"end":{"line":105,"column":20}},"loc":{"start":{"line":105,"column":20},"end":{"line":115,"column":1}}},"5":{"name":"(anonymous_6)","decl":{"start":{"line":108,"column":21},"end":{"line":108,"column":24}},"loc":{"start":{"line":108,"column":26},"end":{"line":110,"column":5}}}},"branchMap":{"0":{"loc":{"start":{"line":44,"column":12},"end":{"line":44,"column":68}},"type":"binary-expr","locations":[{"start":{"line":44,"column":12},"end":{"line":44,"column":39}},{"start":{"line":44,"column":43},"end":{"line":44,"column":68}}]},"1":{"loc":{"start":{"line":55,"column":12},"end":{"line":55,"column":68}},"type":"binary-expr","locations":[{"start":{"line":55,"column":12},"end":{"line":55,"column":39}},{"start":{"line":55,"column":43},"end":{"line":55,"column":68}}]},"2":{"loc":{"start":{"line":66,"column":12},"end":{"line":66,"column":68}},"type":"binary-expr","locations":[{"start":{"line":66,"column":12},"end":{"line":66,"column":39}},{"start":{"line":66,"column":43},"end":{"line":66,"column":68}}]},"3":{"loc":{"start":{"line":77,"column":12},"end":{"line":77,"column":70}},"type":"binary-expr","locations":[{"start":{"line":77,"column":12},"end":{"line":77,"column":40}},{"start":{"line":77,"column":44},"end":{"line":77,"column":70}}]},"4":{"loc":{"start":{"line":88,"column":12},"end":{"line":88,"column":76}},"type":"binary-expr","locations":[{"start":{"line":88,"column":12},"end":{"line":88,"column":43}},{"start":{"line":88,"column":47},"end":{"line":88,"column":76}}]},"5":{"loc":{"start":{"line":103,"column":13},"end":{"line":103,"column":37}},"type":"binary-expr","locations":[{"start":{"line":103,"column":13},"end":{"line":103,"column":29}},{"start":{"line":103,"column":33},"end":{"line":103,"column":37}}]},"6":{"loc":{"start":{"line":117,"column":0},"end":{"line":119,"column":1}},"type":"if","locations":[{"start":{"line":117,"column":0},"end":{"line":119,"column":1}}]}},"s":{"0":1,"1":1,"2":1,"3":1,"4":1,"5":1,"6":1,"7":1,"8":1,"9":1,"10":1,"11":0,"12":0,"13":0,"14":0,"15":0,"16":0,"17":0,"18":1,"19":1,"20":1,"21":1,"22":1,"23":1,"24":1,"25":1,"26":1,"27":0,"28":0,"29":0,"30":0,"31":0,"32":0,"33":1,"34":0},"f":{"0":0,"1":0,"2":0,"3":1,"4":0,"5":0},"b":{"0":[1,1],"1":[1,1],"2":[1,1],"3":[1,1],"4":[1,1],"5":[1,1],"6":[0]}}
}
