TN:
SF:src/index.ts
FN:21,(anonymous_1)
FN:30,(anonymous_2)
FN:33,(anonymous_3)
FN:96,(anonymous_4)
FN:105,start
FN:108,(anonymous_6)
FNF:6
FNH:1
FNDA:0,(anonymous_1)
FNDA:0,(anonymous_2)
FNDA:0,(anonymous_3)
FNDA:1,(anonymous_4)
FNDA:0,start
FNDA:0,(anonymous_6)
DA:1,1
DA:2,1
DA:3,1
DA:4,1
DA:5,1
DA:7,1
DA:8,1
DA:9,1
DA:11,1
DA:15,1
DA:22,0
DA:23,0
DA:24,0
DA:25,0
DA:27,0
DA:31,0
DA:34,0
DA:39,1
DA:41,1
DA:52,1
DA:63,1
DA:74,1
DA:85,1
DA:96,1
DA:97,1
DA:103,1
DA:106,0
DA:107,0
DA:108,0
DA:109,0
DA:112,0
DA:113,0
DA:117,1
DA:118,0
DA:121,1
LF:35
LH:21
BRDA:44,0,0,1
BRDA:44,0,1,1
BRDA:55,1,0,1
BRDA:55,1,1,1
BRDA:66,2,0,1
BRDA:66,2,1,1
BRDA:77,3,0,1
BRDA:77,3,1,1
BRDA:88,4,0,1
BRDA:88,4,1,1
BRDA:103,5,0,1
BRDA:103,5,1,1
BRDA:117,6,0,0
BRF:13
BRH:12
end_of_record
