{"/app/src/index.ts": {"path":"/app/src/index.ts","statementMap":{"0":{"start":{"line":1,"column":0},"end":{"line":1,"column":30}},"1":{"start":{"line":2,"column":0},"end":{"line":2,"column":26}},"2":{"start":{"line":3,"column":0},"end":{"line":3,"column":37}},"3":{"start":{"line":4,"column":0},"end":{"line":4,"column":31}},"4":{"start":{"line":6,"column":12},"end":{"line":6,"column":21}},"5":{"start":{"line":429,"column":9},"end":{"line":429,"column":12}},"6":{"start":{"line":7,"column":0},"end":{"line":7,"column":41}},"7":{"start":{"line":9,"column":13},"end":{"line":11,"column":2}},"8":{"start":{"line":13,"column":20},"end":{"line":15,"column":2}},"9":{"start":{"line":17,"column":20},"end":{"line":23,"column":2}},"10":{"start":{"line":25,"column":20},"end":{"line":25,"column":64}},"11":{"start":{"line":56,"column":2},"end":{"line":86,"column":3}},"12":{"start":{"line":57,"column":25},"end":{"line":59,"column":null}},"13":{"start":{"line":61,"column":24},"end":{"line":61,"column":65}},"14":{"start":{"line":63,"column":28},"end":{"line":65,"column":null}},"15":{"start":{"line":67,"column":27},"end":{"line":67,"column":71}},"16":{"start":{"line":69,"column":24},"end":{"line":73,"column":null}},"17":{"start":{"line":76,"column":4},"end":{"line":82,"column":6}},"18":{"start":{"line":84,"column":4},"end":{"line":84,"column":63}},"19":{"start":{"line":85,"column":4},"end":{"line":85,"column":16}},"20":{"start":{"line":90,"column":2},"end":{"line":111,"column":3}},"21":{"start":{"line":91,"column":20},"end":{"line":91,"column":21}},"22":{"start":{"line":92,"column":22},"end":{"line":92,"column":23}},"23":{"start":{"line":94,"column":20},"end":{"line":94,"column":66}},"24":{"start":{"line":96,"column":4},"end":{"line":101,"column":5}},"25":{"start":{"line":97,"column":6},"end":{"line":100,"column":7}},"26":{"start":{"line":98,"column":8},"end":{"line":98,"column":30}},"27":{"start":{"line":99,"column":8},"end":{"line":99,"column":22}},"28":{"start":{"line":103,"column":4},"end":{"line":107,"column":6}},"29":{"start":{"line":109,"column":4},"end":{"line":109,"column":58}},"30":{"start":{"line":110,"column":4},"end":{"line":110,"column":16}},"31":{"start":{"line":115,"column":2},"end":{"line":148,"column":3}},"32":{"start":{"line":116,"column":17},"end":{"line":116,"column":49}},"33":{"start":{"line":117,"column":24},"end":{"line":117,"column":57}},"34":{"start":{"line":119,"column":24},"end":{"line":119,"column":42}},"35":{"start":{"line":120,"column":25},"end":{"line":120,"column":50}},"36":{"start":{"line":122,"column":21},"end":{"line":122,"column":22}},"37":{"start":{"line":123,"column":26},"end":{"line":123,"column":30}},"38":{"start":{"line":124,"column":27},"end":{"line":124,"column":28}},"39":{"start":{"line":126,"column":4},"end":{"line":132,"column":5}},"40":{"start":{"line":127,"column":6},"end":{"line":131,"column":7}},"41":{"start":{"line":128,"column":8},"end":{"line":128,"column":50}},"42":{"start":{"line":129,"column":13},"end":{"line":131,"column":7}},"43":{"start":{"line":130,"column":8},"end":{"line":130,"column":45}},"44":{"start":{"line":134,"column":4},"end":{"line":138,"column":5}},"45":{"start":{"line":135,"column":6},"end":{"line":137,"column":7}},"46":{"start":{"line":136,"column":8},"end":{"line":136,"column":56}},"47":{"start":{"line":140,"column":4},"end":{"line":144,"column":6}},"48":{"start":{"line":146,"column":4},"end":{"line":146,"column":58}},"49":{"start":{"line":147,"column":4},"end":{"line":147,"column":16}},"50":{"start":{"line":152,"column":2},"end":{"line":152,"column":32}},"51":{"start":{"line":152,"column":19},"end":{"line":152,"column":32}},"52":{"start":{"line":153,"column":12},"end":{"line":153,"column":16}},"53":{"start":{"line":154,"column":16},"end":{"line":154,"column":45}},"54":{"start":{"line":155,"column":12},"end":{"line":155,"column":53}},"55":{"start":{"line":156,"column":2},"end":{"line":156,"column":75}},"56":{"start":{"line":160,"column":0},"end":{"line":252,"column":3}},"57":{"start":{"line":161,"column":2},"end":{"line":251,"column":3}},"58":{"start":{"line":162,"column":37},"end":{"line":166,"column":6}},"59":{"start":{"line":169,"column":4},"end":{"line":224,"column":5}},"60":{"start":{"line":170,"column":24},"end":{"line":170,"column":83}},"61":{"start":{"line":171,"column":24},"end":{"line":171,"column":41}},"62":{"start":{"line":173,"column":30},"end":{"line":220,"column":2}},"63":{"start":{"line":222,"column":6},"end":{"line":222,"column":80}},"64":{"start":{"line":223,"column":6},"end":{"line":223,"column":41}},"65":{"start":{"line":227,"column":22},"end":{"line":227,"column":81}},"66":{"start":{"line":229,"column":35},"end":{"line":245,"column":6}},"67":{"start":{"line":247,"column":4},"end":{"line":247,"column":22}},"68":{"start":{"line":249,"column":4},"end":{"line":249,"column":52}},"69":{"start":{"line":250,"column":4},"end":{"line":250,"column":63}},"70":{"start":{"line":255,"column":0},"end":{"line":291,"column":3}},"71":{"start":{"line":256,"column":2},"end":{"line":290,"column":3}},"72":{"start":{"line":257,"column":37},"end":{"line":261,"column":6}},"73":{"start":{"line":263,"column":22},"end":{"line":263,"column":81}},"74":{"start":{"line":265,"column":4},"end":{"line":286,"column":7}},"75":{"start":{"line":288,"column":4},"end":{"line":288,"column":60}},"76":{"start":{"line":289,"column":4},"end":{"line":289,"column":71}},"77":{"start":{"line":294,"column":0},"end":{"line":306,"column":3}},"78":{"start":{"line":295,"column":2},"end":{"line":305,"column":3}},"79":{"start":{"line":296,"column":20},"end":{"line":296,"column":46}},"80":{"start":{"line":297,"column":4},"end":{"line":301,"column":7}},"81":{"start":{"line":303,"column":4},"end":{"line":303,"column":63}},"82":{"start":{"line":304,"column":4},"end":{"line":304,"column":74}},"83":{"start":{"line":309,"column":0},"end":{"line":321,"column":3}},"84":{"start":{"line":310,"column":2},"end":{"line":320,"column":3}},"85":{"start":{"line":311,"column":20},"end":{"line":311,"column":43}},"86":{"start":{"line":312,"column":4},"end":{"line":316,"column":7}},"87":{"start":{"line":318,"column":4},"end":{"line":318,"column":58}},"88":{"start":{"line":319,"column":4},"end":{"line":319,"column":69}},"89":{"start":{"line":324,"column":0},"end":{"line":335,"column":3}},"90":{"start":{"line":325,"column":2},"end":{"line":334,"column":3}},"91":{"start":{"line":326,"column":20},"end":{"line":326,"column":43}},"92":{"start":{"line":327,"column":4},"end":{"line":330,"column":7}},"93":{"start":{"line":332,"column":4},"end":{"line":332,"column":58}},"94":{"start":{"line":333,"column":4},"end":{"line":333,"column":69}},"95":{"start":{"line":338,"column":0},"end":{"line":405,"column":3}},"96":{"start":{"line":339,"column":2},"end":{"line":404,"column":3}},"97":{"start":{"line":340,"column":37},"end":{"line":344,"column":6}},"98":{"start":{"line":346,"column":22},"end":{"line":346,"column":81}},"99":{"start":{"line":347,"column":22},"end":{"line":347,"column":39}},"100":{"start":{"line":350,"column":28},"end":{"line":397,"column":2}},"101":{"start":{"line":399,"column":4},"end":{"line":399,"column":78}},"102":{"start":{"line":400,"column":4},"end":{"line":400,"column":32}},"103":{"start":{"line":402,"column":4},"end":{"line":402,"column":63}},"104":{"start":{"line":403,"column":4},"end":{"line":403,"column":55}},"105":{"start":{"line":407,"column":0},"end":{"line":409,"column":3}},"106":{"start":{"line":408,"column":2},"end":{"line":408,"column":29}},"107":{"start":{"line":411,"column":13},"end":{"line":411,"column":37}},"108":{"start":{"line":414,"column":2},"end":{"line":422,"column":3}},"109":{"start":{"line":415,"column":4},"end":{"line":415,"column":32}},"110":{"start":{"line":416,"column":4},"end":{"line":418,"column":7}},"111":{"start":{"line":417,"column":6},"end":{"line":417,"column":61}},"112":{"start":{"line":420,"column":4},"end":{"line":420,"column":53}},"113":{"start":{"line":421,"column":4},"end":{"line":421,"column":20}},"114":{"start":{"line":425,"column":0},"end":{"line":427,"column":1}},"115":{"start":{"line":426,"column":2},"end":{"line":426,"column":10}}},"fnMap":{"0":{"name":"getPostgresMetrics","decl":{"start":{"line":55,"column":15},"end":{"line":55,"column":33}},"loc":{"start":{"line":55,"column":33},"end":{"line":87,"column":1}}},"1":{"name":"getMinIOMetrics","decl":{"start":{"line":89,"column":15},"end":{"line":89,"column":30}},"loc":{"start":{"line":89,"column":30},"end":{"line":112,"column":1}}},"2":{"name":"getRedisMetrics","decl":{"start":{"line":114,"column":15},"end":{"line":114,"column":30}},"loc":{"start":{"line":114,"column":30},"end":{"line":149,"column":1}}},"3":{"name":"formatBytes","decl":{"start":{"line":151,"column":9},"end":{"line":151,"column":20}},"loc":{"start":{"line":151,"column":34},"end":{"line":157,"column":1}}},"4":{"name":"(anonymous_14)","decl":{"start":{"line":160,"column":20},"end":{"line":160,"column":25}},"loc":{"start":{"line":160,"column":39},"end":{"line":252,"column":1}}},"5":{"name":"(anonymous_15)","decl":{"start":{"line":255,"column":28},"end":{"line":255,"column":33}},"loc":{"start":{"line":255,"column":47},"end":{"line":291,"column":1}}},"6":{"name":"(anonymous_16)","decl":{"start":{"line":294,"column":29},"end":{"line":294,"column":34}},"loc":{"start":{"line":294,"column":48},"end":{"line":306,"column":1}}},"7":{"name":"(anonymous_17)","decl":{"start":{"line":309,"column":26},"end":{"line":309,"column":31}},"loc":{"start":{"line":309,"column":45},"end":{"line":321,"column":1}}},"8":{"name":"(anonymous_18)","decl":{"start":{"line":324,"column":26},"end":{"line":324,"column":31}},"loc":{"start":{"line":324,"column":45},"end":{"line":335,"column":1}}},"9":{"name":"(anonymous_19)","decl":{"start":{"line":338,"column":31},"end":{"line":338,"column":36}},"loc":{"start":{"line":338,"column":50},"end":{"line":405,"column":1}}},"10":{"name":"(anonymous_20)","decl":{"start":{"line":407,"column":19},"end":{"line":407,"column":20}},"loc":{"start":{"line":407,"column":32},"end":{"line":409,"column":1}}},"11":{"name":"start","decl":{"start":{"line":413,"column":15},"end":{"line":413,"column":20}},"loc":{"start":{"line":413,"column":20},"end":{"line":423,"column":1}}},"12":{"name":"(anonymous_22)","decl":{"start":{"line":416,"column":21},"end":{"line":416,"column":24}},"loc":{"start":{"line":416,"column":26},"end":{"line":418,"column":5}}}},"branchMap":{"0":{"loc":{"start":{"line":19,"column":17},"end":{"line":19,"column":68}},"type":"binary-expr","locations":[{"start":{"line":19,"column":17},"end":{"line":19,"column":58}},{"start":{"line":19,"column":62},"end":{"line":19,"column":68}}]},"1":{"loc":{"start":{"line":25,"column":20},"end":{"line":25,"column":64}},"type":"binary-expr","locations":[{"start":{"line":25,"column":20},"end":{"line":25,"column":44}},{"start":{"line":25,"column":48},"end":{"line":25,"column":64}}]},"2":{"loc":{"start":{"line":80,"column":19},"end":{"line":80,"column":91}},"type":"cond-expr","locations":[{"start":{"line":80,"column":48},"end":{"line":80,"column":84}},{"start":{"line":80,"column":87},"end":{"line":80,"column":91}}]},"3":{"loc":{"start":{"line":81,"column":19},"end":{"line":81,"column":91}},"type":"cond-expr","locations":[{"start":{"line":81,"column":48},"end":{"line":81,"column":84}},{"start":{"line":81,"column":87},"end":{"line":81,"column":91}}]},"4":{"loc":{"start":{"line":97,"column":6},"end":{"line":100,"column":7}},"type":"if","locations":[{"start":{"line":97,"column":6},"end":{"line":100,"column":7}}]},"5":{"loc":{"start":{"line":106,"column":25},"end":{"line":106,"column":70}},"type":"cond-expr","locations":[{"start":{"line":106,"column":43},"end":{"line":106,"column":66}},{"start":{"line":106,"column":69},"end":{"line":106,"column":70}}]},"6":{"loc":{"start":{"line":127,"column":6},"end":{"line":131,"column":7}},"type":"if","locations":[{"start":{"line":127,"column":6},"end":{"line":131,"column":7}},{"start":{"line":129,"column":13},"end":{"line":131,"column":7}}]},"7":{"loc":{"start":{"line":129,"column":13},"end":{"line":131,"column":7}},"type":"if","locations":[{"start":{"line":129,"column":13},"end":{"line":131,"column":7}}]},"8":{"loc":{"start":{"line":135,"column":6},"end":{"line":137,"column":7}},"type":"if","locations":[{"start":{"line":135,"column":6},"end":{"line":137,"column":7}}]},"9":{"loc":{"start":{"line":152,"column":2},"end":{"line":152,"column":32}},"type":"if","locations":[{"start":{"line":152,"column":2},"end":{"line":152,"column":32}}]},"10":{"loc":{"start":{"line":169,"column":4},"end":{"line":224,"column":5}},"type":"if","locations":[{"start":{"line":169,"column":4},"end":{"line":224,"column":5}}]},"11":{"loc":{"start":{"line":169,"column":8},"end":{"line":169,"column":87}},"type":"binary-expr","locations":[{"start":{"line":169,"column":8},"end":{"line":169,"column":41}},{"start":{"line":169,"column":45},"end":{"line":169,"column":87}}]},"12":{"loc":{"start":{"line":187,"column":43},"end":{"line":187,"column":97}},"type":"cond-expr","locations":[{"start":{"line":187,"column":66},"end":{"line":187,"column":93}},{"start":{"line":187,"column":96},"end":{"line":187,"column":97}}]},"13":{"loc":{"start":{"line":191,"column":43},"end":{"line":191,"column":97}},"type":"cond-expr","locations":[{"start":{"line":191,"column":66},"end":{"line":191,"column":93}},{"start":{"line":191,"column":96},"end":{"line":191,"column":97}}]},"14":{"loc":{"start":{"line":364,"column":43},"end":{"line":364,"column":97}},"type":"cond-expr","locations":[{"start":{"line":364,"column":66},"end":{"line":364,"column":93}},{"start":{"line":364,"column":96},"end":{"line":364,"column":97}}]},"15":{"loc":{"start":{"line":368,"column":43},"end":{"line":368,"column":97}},"type":"cond-expr","locations":[{"start":{"line":368,"column":66},"end":{"line":368,"column":93}},{"start":{"line":368,"column":96},"end":{"line":368,"column":97}}]},"16":{"loc":{"start":{"line":411,"column":13},"end":{"line":411,"column":37}},"type":"binary-expr","locations":[{"start":{"line":411,"column":13},"end":{"line":411,"column":29}},{"start":{"line":411,"column":33},"end":{"line":411,"column":37}}]},"17":{"loc":{"start":{"line":425,"column":0},"end":{"line":427,"column":1}},"type":"if","locations":[{"start":{"line":425,"column":0},"end":{"line":427,"column":1}}]}},"s":{"0":1,"1":1,"2":1,"3":1,"4":1,"5":1,"6":1,"7":1,"8":1,"9":1,"10":1,"11":5,"12":5,"13":5,"14":5,"15":5,"16":5,"17":5,"18":0,"19":0,"20":5,"21":5,"22":5,"23":5,"24":5,"25":0,"26":0,"27":0,"28":5,"29":0,"30":0,"31":5,"32":5,"33":5,"34":5,"35":5,"36":5,"37":5,"38":5,"39":5,"40":15,"41":5,"42":10,"43":5,"44":5,"45":10,"46":5,"47":5,"48":0,"49":0,"50":8,"51":3,"52":5,"53":5,"54":5,"55":5,"56":1,"57":2,"58":2,"59":2,"60":1,"61":1,"62":1,"63":1,"64":1,"65":1,"66":1,"67":1,"68":0,"69":0,"70":1,"71":1,"72":1,"73":1,"74":1,"75":0,"76":0,"77":1,"78":1,"79":1,"80":1,"81":0,"82":0,"83":1,"84":1,"85":1,"86":1,"87":0,"88":0,"89":1,"90":1,"91":1,"92":1,"93":0,"94":0,"95":1,"96":1,"97":1,"98":1,"99":1,"100":1,"101":1,"102":1,"103":0,"104":0,"105":1,"106":1,"107":1,"108":0,"109":0,"110":0,"111":0,"112":0,"113":0,"114":1,"115":0},"f":{"0":5,"1":5,"2":5,"3":8,"4":2,"5":1,"6":1,"7":1,"8":1,"9":1,"10":1,"11":0,"12":0},"b":{"0":[1,0],"1":[1,1],"2":[5,0],"3":[5,0],"4":[0],"5":[0,5],"6":[5,10],"7":[5],"8":[5],"9":[3],"10":[1],"11":[2,1],"12":[1,0],"13":[1,0],"14":[1,0],"15":[1,0],"16":[1,1],"17":[0]}}
}
