TN:
SF:src/index.ts
FN:55,getPostgresMetrics
FN:89,getMinIOMetrics
FN:114,getRedisMetrics
FN:151,formatBytes
FN:160,(anonymous_14)
FN:255,(anonymous_15)
FN:294,(anonymous_16)
FN:309,(anonymous_17)
FN:324,(anonymous_18)
FN:338,(anonymous_19)
FN:407,(anonymous_20)
FN:413,start
FN:416,(anonymous_22)
FNF:13
FNH:11
FNDA:5,getPostgresMetrics
FNDA:5,getMinIOMetrics
FNDA:5,getRedisMetrics
FNDA:8,formatBytes
FNDA:2,(anonymous_14)
FNDA:1,(anonymous_15)
FNDA:1,(anonymous_16)
FNDA:1,(anonymous_17)
FNDA:1,(anonymous_18)
FNDA:1,(anonymous_19)
FNDA:1,(anonymous_20)
FNDA:0,start
FNDA:0,(anonymous_22)
DA:1,1
DA:2,1
DA:3,1
DA:4,1
DA:6,1
DA:7,1
DA:9,1
DA:13,1
DA:17,1
DA:25,1
DA:56,5
DA:57,5
DA:61,5
DA:63,5
DA:67,5
DA:69,5
DA:76,5
DA:84,0
DA:85,0
DA:90,5
DA:91,5
DA:92,5
DA:94,5
DA:96,5
DA:97,0
DA:98,0
DA:99,0
DA:103,5
DA:109,0
DA:110,0
DA:115,5
DA:116,5
DA:117,5
DA:119,5
DA:120,5
DA:122,5
DA:123,5
DA:124,5
DA:126,5
DA:127,15
DA:128,5
DA:129,10
DA:130,5
DA:134,5
DA:135,10
DA:136,5
DA:140,5
DA:146,0
DA:147,0
DA:152,8
DA:153,5
DA:154,5
DA:155,5
DA:156,5
DA:160,1
DA:161,2
DA:162,2
DA:169,2
DA:170,1
DA:171,1
DA:173,1
DA:222,1
DA:223,1
DA:227,1
DA:229,1
DA:247,1
DA:249,0
DA:250,0
DA:255,1
DA:256,1
DA:257,1
DA:263,1
DA:265,1
DA:288,0
DA:289,0
DA:294,1
DA:295,1
DA:296,1
DA:297,1
DA:303,0
DA:304,0
DA:309,1
DA:310,1
DA:311,1
DA:312,1
DA:318,0
DA:319,0
DA:324,1
DA:325,1
DA:326,1
DA:327,1
DA:332,0
DA:333,0
DA:338,1
DA:339,1
DA:340,1
DA:346,1
DA:347,1
DA:350,1
DA:399,1
DA:400,1
DA:402,0
DA:403,0
DA:407,1
DA:408,1
DA:411,1
DA:414,0
DA:415,0
DA:416,0
DA:417,0
DA:420,0
DA:421,0
DA:425,1
DA:426,0
DA:429,1
LF:115
LH:87
BRDA:19,0,0,1
BRDA:19,0,1,0
BRDA:25,1,0,1
BRDA:25,1,1,1
BRDA:80,2,0,5
BRDA:80,2,1,0
BRDA:81,3,0,5
BRDA:81,3,1,0
BRDA:97,4,0,0
BRDA:106,5,0,0
BRDA:106,5,1,5
BRDA:127,6,0,5
BRDA:127,6,1,10
BRDA:129,7,0,5
BRDA:135,8,0,5
BRDA:152,9,0,3
BRDA:169,10,0,1
BRDA:169,11,0,2
BRDA:169,11,1,1
BRDA:187,12,0,1
BRDA:187,12,1,0
BRDA:191,13,0,1
BRDA:191,13,1,0
BRDA:364,14,0,1
BRDA:364,14,1,0
BRDA:368,15,0,1
BRDA:368,15,1,0
BRDA:411,16,0,1
BRDA:411,16,1,1
BRDA:425,17,0,0
BRF:30
BRH:20
end_of_record
